<?xml version="1.0" encoding="UTF-8"?>
<testng-results ignored="0" total="25" passed="15" failed="10" skipped="0">
  <reporter-output>
  </reporter-output>
  <suite started-at="2025-04-29T21:05:06 IST" name="Suite" finished-at="2025-04-29T21:13:35 IST" duration-ms="508885">
    <groups>
    </groups>
    <test started-at="2025-04-29T21:05:06 IST" name="Test" finished-at="2025-04-29T21:13:35 IST" duration-ms="508885">
      <class name="Test.TC_009_Logout">
        <test-method is-config="true" signature="valuesetup()[pri:0, instance:Test.TC_009_Logout@625732]" started-at="2025-04-29T21:05:06 IST" name="valuesetup" finished-at="2025-04-29T21:05:06 IST" duration-ms="0" status="PASS">
          <reporter-output>
          </reporter-output>
        </test-method> <!-- valuesetup -->
        <test-method is-config="true" signature="testDetails()[pri:0, instance:Test.TC_009_Logout@625732]" started-at="2025-04-29T21:12:24 IST" name="testDetails" finished-at="2025-04-29T21:12:24 IST" duration-ms="0" status="PASS">
          <reporter-output>
          </reporter-output>
        </test-method> <!-- testDetails -->
        <test-method is-config="true" signature="myBrowserLaunch()[pri:0, instance:Test.TC_009_Logout@625732]" started-at="2025-04-29T21:12:24 IST" name="myBrowserLaunch" finished-at="2025-04-29T21:12:28 IST" duration-ms="3958" status="PASS">
          <reporter-output>
          </reporter-output>
        </test-method> <!-- myBrowserLaunch -->
        <test-method signature="loginexecution(java.lang.String,java.lang.String,java.lang.String,java.lang.String)[pri:0, instance:Test.TC_009_Logout@625732]" started-at="2025-04-29T21:12:28 IST" name="loginexecution" data-provider="readexceldata" finished-at="2025-04-29T21:12:59 IST" duration-ms="31000" status="FAIL">
          <params>
            <param index="0">
              <value>
                <![CDATA[HemavathyAravind]]>
              </value>
            </param>
            <param index="1">
              <value>
                <![CDATA[Test@123]]>
              </value>
            </param>
            <param index="2">
              <value>
                <![CDATA[Valid scenario]]>
              </value>
            </param>
            <param index="3">
              <value>
                <![CDATA[Login successful]]>
              </value>
            </param>
          </params>
          <exception class="org.openqa.selenium.NoSuchElementException">
            <message>
              <![CDATA[no such element: Unable to locate element: {"method":"xpath","selector":"//a[text()='Logout']"}
  (Session info: chrome=135.0.7049.115)
For documentation on this error, please visit: https://www.selenium.dev/documentation/webdriver/troubleshooting/errors#no-such-element-exception
Build info: version: '4.31.0', revision: '1ef9f18787*'
System info: os.name: 'Windows 11', os.arch: 'amd64', os.version: '10.0', java.version: '22.0.1'
Driver info: org.openqa.selenium.chrome.ChromeDriver
Command: [b78657bc2203f5d877874267d9b5e1d6, findElement {value=//a[text()='Logout'], using=xpath}]
Capabilities {acceptInsecureCerts: false, browserName: chrome, browserVersion: 135.0.7049.115, chrome: {chromedriverVersion: 135.0.7049.114 (63fd8a7d9d0..., userDataDir: C:\Users\ACER\AppData\Local...}, fedcm:accounts: true, goog:chromeOptions: {debuggerAddress: localhost:53810}, networkConnectionEnabled: false, pageLoadStrategy: normal, platformName: windows, proxy: Proxy(), se:cdp: ws://localhost:53810/devtoo..., se:cdpVersion: 135.0.7049.115, setWindowRect: true, strictFileInteractability: false, timeouts: {implicit: 0, pageLoad: 300000, script: 30000}, unhandledPromptBehavior: dismiss and notify, webauthn:extension:credBlob: true, webauthn:extension:largeBlob: true, webauthn:extension:minPinLength: true, webauthn:extension:prf: true, webauthn:virtualAuthenticators: true}
Session ID: b78657bc2203f5d877874267d9b5e1d6]]>
            </message>
            <full-stacktrace>
              <![CDATA[org.openqa.selenium.NoSuchElementException: no such element: Unable to locate element: {"method":"xpath","selector":"//a[text()='Logout']"}
  (Session info: chrome=135.0.7049.115)
For documentation on this error, please visit: https://www.selenium.dev/documentation/webdriver/troubleshooting/errors#no-such-element-exception
Build info: version: '4.31.0', revision: '1ef9f18787*'
System info: os.name: 'Windows 11', os.arch: 'amd64', os.version: '10.0', java.version: '22.0.1'
Driver info: org.openqa.selenium.chrome.ChromeDriver
Command: [b78657bc2203f5d877874267d9b5e1d6, findElement {value=//a[text()='Logout'], using=xpath}]
Capabilities {acceptInsecureCerts: false, browserName: chrome, browserVersion: 135.0.7049.115, chrome: {chromedriverVersion: 135.0.7049.114 (63fd8a7d9d0..., userDataDir: C:\Users\ACER\AppData\Local...}, fedcm:accounts: true, goog:chromeOptions: {debuggerAddress: localhost:53810}, networkConnectionEnabled: false, pageLoadStrategy: normal, platformName: windows, proxy: Proxy(), se:cdp: ws://localhost:53810/devtoo..., se:cdpVersion: 135.0.7049.115, setWindowRect: true, strictFileInteractability: false, timeouts: {implicit: 0, pageLoad: 300000, script: 30000}, unhandledPromptBehavior: dismiss and notify, webauthn:extension:credBlob: true, webauthn:extension:largeBlob: true, webauthn:extension:minPinLength: true, webauthn:extension:prf: true, webauthn:virtualAuthenticators: true}
Session ID: b78657bc2203f5d877874267d9b5e1d6
at java.base/jdk.internal.reflect.DirectConstructorHandleAccessor.newInstance(DirectConstructorHandleAccessor.java:62)
at java.base/java.lang.reflect.Constructor.newInstanceWithCaller(Constructor.java:502)
at java.base/java.lang.reflect.Constructor.newInstance(Constructor.java:486)
at org.openqa.selenium.remote.ErrorCodec.decode(ErrorCodec.java:167)
at org.openqa.selenium.remote.codec.w3c.W3CHttpResponseCodec.decode(W3CHttpResponseCodec.java:138)
at org.openqa.selenium.remote.codec.w3c.W3CHttpResponseCodec.decode(W3CHttpResponseCodec.java:50)
at org.openqa.selenium.remote.HttpCommandExecutor.execute(HttpCommandExecutor.java:215)
at org.openqa.selenium.remote.service.DriverCommandExecutor.invokeExecute(DriverCommandExecutor.java:216)
at org.openqa.selenium.remote.service.DriverCommandExecutor.execute(DriverCommandExecutor.java:174)
at org.openqa.selenium.remote.RemoteWebDriver.execute(RemoteWebDriver.java:545)
at org.openqa.selenium.remote.ElementLocation$ElementFinder$2.findElement(ElementLocation.java:165)
at org.openqa.selenium.remote.ElementLocation.findElement(ElementLocation.java:59)
at org.openqa.selenium.remote.RemoteWebDriver.findElement(RemoteWebDriver.java:368)
at org.openqa.selenium.remote.RemoteWebDriver.findElement(RemoteWebDriver.java:362)
at org.openqa.selenium.support.pagefactory.DefaultElementLocator.findElement(DefaultElementLocator.java:68)
at org.openqa.selenium.support.pagefactory.internal.LocatingElementHandler.invoke(LocatingElementHandler.java:38)
at jdk.proxy2/jdk.proxy2.$Proxy19.click(Unknown Source)
at Pages.logout.logoutverification(logout.java:24)
at Test.TC_009_Logout.loginexecution(TC_009_Logout.java:28)
at java.base/jdk.internal.reflect.DirectMethodHandleAccessor.invoke(DirectMethodHandleAccessor.java:103)
at java.base/java.lang.reflect.Method.invoke(Method.java:580)
at org.testng.internal.invokers.MethodInvocationHelper.invokeMethod(MethodInvocationHelper.java:141)
at org.testng.internal.invokers.TestInvoker.invokeMethod(TestInvoker.java:687)
at org.testng.internal.invokers.TestInvoker.invokeTestMethod(TestInvoker.java:230)
at org.testng.internal.invokers.MethodRunner.runInSequence(MethodRunner.java:63)
at org.testng.internal.invokers.TestInvoker$MethodInvocationAgent.invoke(TestInvoker.java:995)
at org.testng.internal.invokers.TestInvoker.invokeTestMethods(TestInvoker.java:203)
at org.testng.internal.invokers.TestMethodWorker.invokeTestMethods(TestMethodWorker.java:154)
at org.testng.internal.invokers.TestMethodWorker.run(TestMethodWorker.java:134)
at java.base/java.util.ArrayList.forEach(ArrayList.java:1597)
at org.testng.TestRunner.privateRun(TestRunner.java:741)
at org.testng.TestRunner.run(TestRunner.java:616)
at org.testng.SuiteRunner.runTest(SuiteRunner.java:421)
at org.testng.SuiteRunner.runSequentially(SuiteRunner.java:413)
at org.testng.SuiteRunner.privateRun(SuiteRunner.java:373)
at org.testng.SuiteRunner.run(SuiteRunner.java:312)
at org.testng.SuiteRunnerWorker.runSuite(SuiteRunnerWorker.java:52)
at org.testng.SuiteRunnerWorker.run(SuiteRunnerWorker.java:95)
at org.testng.TestNG.runSuitesSequentially(TestNG.java:1274)
at org.testng.TestNG.runSuitesLocally(TestNG.java:1208)
at org.testng.TestNG.runSuites(TestNG.java:1112)
at org.testng.TestNG.run(TestNG.java:1079)
at org.testng.remote.AbstractRemoteTestNG.run(AbstractRemoteTestNG.java:115)
at org.testng.remote.RemoteTestNG.initAndRun(RemoteTestNG.java:293)
at org.testng.remote.RemoteTestNG.main(RemoteTestNG.java:91)
]]>
            </full-stacktrace>
          </exception> <!-- org.openqa.selenium.NoSuchElementException -->
          <reporter-output>
          </reporter-output>
        </test-method> <!-- loginexecution -->
        <test-method is-config="true" signature="myBrowserClose()[pri:0, instance:Test.TC_009_Logout@625732]" started-at="2025-04-29T21:13:00 IST" name="myBrowserClose" finished-at="2025-04-29T21:13:00 IST" duration-ms="189" status="PASS">
          <reporter-output>
          </reporter-output>
        </test-method> <!-- myBrowserClose -->
        <test-method is-config="true" signature="myBrowserLaunch()[pri:0, instance:Test.TC_009_Logout@625732]" started-at="2025-04-29T21:13:00 IST" name="myBrowserLaunch" finished-at="2025-04-29T21:13:04 IST" duration-ms="4057" status="PASS">
          <reporter-output>
          </reporter-output>
        </test-method> <!-- myBrowserLaunch -->
        <test-method signature="loginexecution(java.lang.String,java.lang.String,java.lang.String,java.lang.String)[pri:0, instance:Test.TC_009_Logout@625732]" started-at="2025-04-29T21:13:04 IST" name="loginexecution" data-provider="readexceldata" finished-at="2025-04-29T21:13:35 IST" duration-ms="30824" status="FAIL">
          <params>
            <param index="0">
              <value>
                <![CDATA[HemavathyAgrh]]>
              </value>
            </param>
            <param index="1">
              <value>
                <![CDATA[Test@123]]>
              </value>
            </param>
            <param index="2">
              <value>
                <![CDATA[Invalid scenario]]>
              </value>
            </param>
            <param index="3">
              <value>
                <![CDATA[login unsuccessful]]>
              </value>
            </param>
          </params>
          <exception class="org.openqa.selenium.NoSuchElementException">
            <message>
              <![CDATA[no such element: Unable to locate element: {"method":"xpath","selector":"//a[text()='Logout']"}
  (Session info: chrome=135.0.7049.115)
For documentation on this error, please visit: https://www.selenium.dev/documentation/webdriver/troubleshooting/errors#no-such-element-exception
Build info: version: '4.31.0', revision: '1ef9f18787*'
System info: os.name: 'Windows 11', os.arch: 'amd64', os.version: '10.0', java.version: '22.0.1'
Driver info: org.openqa.selenium.chrome.ChromeDriver
Command: [f0abc900799202ff1acd4f364d8e9f60, findElement {value=//a[text()='Logout'], using=xpath}]
Capabilities {acceptInsecureCerts: false, browserName: chrome, browserVersion: 135.0.7049.115, chrome: {chromedriverVersion: 135.0.7049.114 (63fd8a7d9d0..., userDataDir: C:\Users\ACER\AppData\Local...}, fedcm:accounts: true, goog:chromeOptions: {debuggerAddress: localhost:53885}, networkConnectionEnabled: false, pageLoadStrategy: normal, platformName: windows, proxy: Proxy(), se:cdp: ws://localhost:53885/devtoo..., se:cdpVersion: 135.0.7049.115, setWindowRect: true, strictFileInteractability: false, timeouts: {implicit: 0, pageLoad: 300000, script: 30000}, unhandledPromptBehavior: dismiss and notify, webauthn:extension:credBlob: true, webauthn:extension:largeBlob: true, webauthn:extension:minPinLength: true, webauthn:extension:prf: true, webauthn:virtualAuthenticators: true}
Session ID: f0abc900799202ff1acd4f364d8e9f60]]>
            </message>
            <full-stacktrace>
              <![CDATA[org.openqa.selenium.NoSuchElementException: no such element: Unable to locate element: {"method":"xpath","selector":"//a[text()='Logout']"}
  (Session info: chrome=135.0.7049.115)
For documentation on this error, please visit: https://www.selenium.dev/documentation/webdriver/troubleshooting/errors#no-such-element-exception
Build info: version: '4.31.0', revision: '1ef9f18787*'
System info: os.name: 'Windows 11', os.arch: 'amd64', os.version: '10.0', java.version: '22.0.1'
Driver info: org.openqa.selenium.chrome.ChromeDriver
Command: [f0abc900799202ff1acd4f364d8e9f60, findElement {value=//a[text()='Logout'], using=xpath}]
Capabilities {acceptInsecureCerts: false, browserName: chrome, browserVersion: 135.0.7049.115, chrome: {chromedriverVersion: 135.0.7049.114 (63fd8a7d9d0..., userDataDir: C:\Users\ACER\AppData\Local...}, fedcm:accounts: true, goog:chromeOptions: {debuggerAddress: localhost:53885}, networkConnectionEnabled: false, pageLoadStrategy: normal, platformName: windows, proxy: Proxy(), se:cdp: ws://localhost:53885/devtoo..., se:cdpVersion: 135.0.7049.115, setWindowRect: true, strictFileInteractability: false, timeouts: {implicit: 0, pageLoad: 300000, script: 30000}, unhandledPromptBehavior: dismiss and notify, webauthn:extension:credBlob: true, webauthn:extension:largeBlob: true, webauthn:extension:minPinLength: true, webauthn:extension:prf: true, webauthn:virtualAuthenticators: true}
Session ID: f0abc900799202ff1acd4f364d8e9f60
at java.base/jdk.internal.reflect.DirectConstructorHandleAccessor.newInstance(DirectConstructorHandleAccessor.java:62)
at java.base/java.lang.reflect.Constructor.newInstanceWithCaller(Constructor.java:502)
at java.base/java.lang.reflect.Constructor.newInstance(Constructor.java:486)
at org.openqa.selenium.remote.ErrorCodec.decode(ErrorCodec.java:167)
at org.openqa.selenium.remote.codec.w3c.W3CHttpResponseCodec.decode(W3CHttpResponseCodec.java:138)
at org.openqa.selenium.remote.codec.w3c.W3CHttpResponseCodec.decode(W3CHttpResponseCodec.java:50)
at org.openqa.selenium.remote.HttpCommandExecutor.execute(HttpCommandExecutor.java:215)
at org.openqa.selenium.remote.service.DriverCommandExecutor.invokeExecute(DriverCommandExecutor.java:216)
at org.openqa.selenium.remote.service.DriverCommandExecutor.execute(DriverCommandExecutor.java:174)
at org.openqa.selenium.remote.RemoteWebDriver.execute(RemoteWebDriver.java:545)
at org.openqa.selenium.remote.ElementLocation$ElementFinder$2.findElement(ElementLocation.java:165)
at org.openqa.selenium.remote.ElementLocation.findElement(ElementLocation.java:59)
at org.openqa.selenium.remote.RemoteWebDriver.findElement(RemoteWebDriver.java:368)
at org.openqa.selenium.remote.RemoteWebDriver.findElement(RemoteWebDriver.java:362)
at org.openqa.selenium.support.pagefactory.DefaultElementLocator.findElement(DefaultElementLocator.java:68)
at org.openqa.selenium.support.pagefactory.internal.LocatingElementHandler.invoke(LocatingElementHandler.java:38)
at jdk.proxy2/jdk.proxy2.$Proxy19.click(Unknown Source)
at Pages.logout.logoutverification(logout.java:24)
at Test.TC_009_Logout.loginexecution(TC_009_Logout.java:28)
at java.base/jdk.internal.reflect.DirectMethodHandleAccessor.invoke(DirectMethodHandleAccessor.java:103)
at java.base/java.lang.reflect.Method.invoke(Method.java:580)
at org.testng.internal.invokers.MethodInvocationHelper.invokeMethod(MethodInvocationHelper.java:141)
at org.testng.internal.invokers.TestInvoker.invokeMethod(TestInvoker.java:687)
at org.testng.internal.invokers.TestInvoker.invokeTestMethod(TestInvoker.java:230)
at org.testng.internal.invokers.MethodRunner.runInSequence(MethodRunner.java:63)
at org.testng.internal.invokers.TestInvoker$MethodInvocationAgent.invoke(TestInvoker.java:995)
at org.testng.internal.invokers.TestInvoker.invokeTestMethods(TestInvoker.java:203)
at org.testng.internal.invokers.TestMethodWorker.invokeTestMethods(TestMethodWorker.java:154)
at org.testng.internal.invokers.TestMethodWorker.run(TestMethodWorker.java:134)
at java.base/java.util.ArrayList.forEach(ArrayList.java:1597)
at org.testng.TestRunner.privateRun(TestRunner.java:741)
at org.testng.TestRunner.run(TestRunner.java:616)
at org.testng.SuiteRunner.runTest(SuiteRunner.java:421)
at org.testng.SuiteRunner.runSequentially(SuiteRunner.java:413)
at org.testng.SuiteRunner.privateRun(SuiteRunner.java:373)
at org.testng.SuiteRunner.run(SuiteRunner.java:312)
at org.testng.SuiteRunnerWorker.runSuite(SuiteRunnerWorker.java:52)
at org.testng.SuiteRunnerWorker.run(SuiteRunnerWorker.java:95)
at org.testng.TestNG.runSuitesSequentially(TestNG.java:1274)
at org.testng.TestNG.runSuitesLocally(TestNG.java:1208)
at org.testng.TestNG.runSuites(TestNG.java:1112)
at org.testng.TestNG.run(TestNG.java:1079)
at org.testng.remote.AbstractRemoteTestNG.run(AbstractRemoteTestNG.java:115)
at org.testng.remote.RemoteTestNG.initAndRun(RemoteTestNG.java:293)
at org.testng.remote.RemoteTestNG.main(RemoteTestNG.java:91)
]]>
            </full-stacktrace>
          </exception> <!-- org.openqa.selenium.NoSuchElementException -->
          <reporter-output>
          </reporter-output>
        </test-method> <!-- loginexecution -->
        <test-method is-config="true" signature="myBrowserClose()[pri:0, instance:Test.TC_009_Logout@625732]" started-at="2025-04-29T21:13:35 IST" name="myBrowserClose" finished-at="2025-04-29T21:13:35 IST" duration-ms="177" status="PASS">
          <reporter-output>
          </reporter-output>
        </test-method> <!-- myBrowserClose -->
      </class> <!-- Test.TC_009_Logout -->
      <class name="Test.TC_001_Signup">
        <test-method is-config="true" signature="Reportgeneration()[pri:0, instance:Test.TC_001_Signup@2bfc268b]" started-at="2025-04-29T21:05:06 IST" name="Reportgeneration" finished-at="2025-04-29T21:05:06 IST" duration-ms="428" status="PASS">
          <reporter-output>
          </reporter-output>
        </test-method> <!-- Reportgeneration -->
        <test-method is-config="true" signature="valuesetup()[pri:0, instance:Test.TC_001_Signup@2bfc268b]" started-at="2025-04-29T21:05:06 IST" name="valuesetup" finished-at="2025-04-29T21:05:06 IST" duration-ms="1" status="PASS">
          <reporter-output>
          </reporter-output>
        </test-method> <!-- valuesetup -->
        <test-method is-config="true" signature="testDetails()[pri:0, instance:Test.TC_001_Signup@2bfc268b]" started-at="2025-04-29T21:05:07 IST" name="testDetails" finished-at="2025-04-29T21:05:07 IST" duration-ms="28" status="PASS">
          <reporter-output>
          </reporter-output>
        </test-method> <!-- testDetails -->
        <test-method is-config="true" signature="myBrowserLaunch()[pri:0, instance:Test.TC_001_Signup@2bfc268b]" started-at="2025-04-29T21:05:09 IST" name="myBrowserLaunch" finished-at="2025-04-29T21:05:13 IST" duration-ms="4410" status="PASS">
          <reporter-output>
          </reporter-output>
        </test-method> <!-- myBrowserLaunch -->
        <test-method signature="loginexecution(java.lang.String,java.lang.String,java.lang.String,java.lang.String,java.lang.String,java.lang.String,java.lang.String)[pri:0, instance:Test.TC_001_Signup@2bfc268b]" started-at="2025-04-29T21:05:13 IST" name="loginexecution" data-provider="readexceldata" finished-at="2025-04-29T21:05:16 IST" duration-ms="2920" status="PASS">
          <params>
            <param index="0">
              <value>
                <![CDATA[Testuser01]]>
              </value>
            </param>
            <param index="1">
              <value>
                <![CDATA[Test@123]]>
              </value>
            </param>
            <param index="2">
              <value>
                <![CDATA[Test@123]]>
              </value>
            </param>
            <param index="3">
              <value>
                <![CDATA[Testuser 01]]>
              </value>
            </param>
            <param index="4">
              <value>
                <![CDATA[Testuser01@gmail.com]]>
              </value>
            </param>
            <param index="5">
              <value>
                <![CDATA[Valid Scenario]]>
              </value>
            </param>
            <param index="6">
              <value>
                <![CDATA[Signup successful]]>
              </value>
            </param>
          </params>
          <reporter-output>
          </reporter-output>
        </test-method> <!-- loginexecution -->
        <test-method is-config="true" signature="myBrowserClose()[pri:0, instance:Test.TC_001_Signup@2bfc268b]" started-at="2025-04-29T21:05:16 IST" name="myBrowserClose" finished-at="2025-04-29T21:05:16 IST" duration-ms="169" status="PASS">
          <reporter-output>
          </reporter-output>
        </test-method> <!-- myBrowserClose -->
        <test-method is-config="true" signature="myBrowserLaunch()[pri:0, instance:Test.TC_001_Signup@2bfc268b]" started-at="2025-04-29T21:05:16 IST" name="myBrowserLaunch" finished-at="2025-04-29T21:05:20 IST" duration-ms="3929" status="PASS">
          <reporter-output>
          </reporter-output>
        </test-method> <!-- myBrowserLaunch -->
        <test-method signature="loginexecution(java.lang.String,java.lang.String,java.lang.String,java.lang.String,java.lang.String,java.lang.String,java.lang.String)[pri:0, instance:Test.TC_001_Signup@2bfc268b]" started-at="2025-04-29T21:05:20 IST" name="loginexecution" data-provider="readexceldata" finished-at="2025-04-29T21:05:23 IST" duration-ms="3182" status="PASS">
          <params>
            <param index="0">
              <value>
                <![CDATA[Testuser02]]>
              </value>
            </param>
            <param index="1">
              <value>
                <![CDATA[Test@124]]>
              </value>
            </param>
            <param index="2">
              <value>
                <![CDATA[Test@124]]>
              </value>
            </param>
            <param index="3">
              <value>
                <![CDATA[Testuser 02]]>
              </value>
            </param>
            <param index="4">
              <value>
                <![CDATA[Testuser02@gmail.com]]>
              </value>
            </param>
            <param index="5">
              <value>
                <![CDATA[Valid Scenario]]>
              </value>
            </param>
            <param index="6">
              <value>
                <![CDATA[Signup successful]]>
              </value>
            </param>
          </params>
          <reporter-output>
          </reporter-output>
        </test-method> <!-- loginexecution -->
        <test-method is-config="true" signature="myBrowserClose()[pri:0, instance:Test.TC_001_Signup@2bfc268b]" started-at="2025-04-29T21:05:23 IST" name="myBrowserClose" finished-at="2025-04-29T21:05:23 IST" duration-ms="131" status="PASS">
          <reporter-output>
          </reporter-output>
        </test-method> <!-- myBrowserClose -->
        <test-method is-config="true" signature="myBrowserLaunch()[pri:0, instance:Test.TC_001_Signup@2bfc268b]" started-at="2025-04-29T21:05:23 IST" name="myBrowserLaunch" finished-at="2025-04-29T21:05:27 IST" duration-ms="3940" status="PASS">
          <reporter-output>
          </reporter-output>
        </test-method> <!-- myBrowserLaunch -->
        <test-method signature="loginexecution(java.lang.String,java.lang.String,java.lang.String,java.lang.String,java.lang.String,java.lang.String,java.lang.String)[pri:0, instance:Test.TC_001_Signup@2bfc268b]" started-at="2025-04-29T21:05:27 IST" name="loginexecution" data-provider="readexceldata" finished-at="2025-04-29T21:05:29 IST" duration-ms="1521" status="PASS">
          <params>
            <param index="0">
              <value>
                <![CDATA[abc]]>
              </value>
            </param>
            <param index="1">
              <value>
                <![CDATA[abc]]>
              </value>
            </param>
            <param index="2">
              <value>
                <![CDATA[abc]]>
              </value>
            </param>
            <param index="3">
              <value>
                <![CDATA[]]>
              </value>
            </param>
            <param index="4">
              <value>
                <![CDATA[]]>
              </value>
            </param>
            <param index="5">
              <value>
                <![CDATA[Invalid Scenario]]>
              </value>
            </param>
            <param index="6">
              <value>
                <![CDATA[Signup unsuccessful]]>
              </value>
            </param>
          </params>
          <reporter-output>
          </reporter-output>
        </test-method> <!-- loginexecution -->
        <test-method is-config="true" signature="myBrowserClose()[pri:0, instance:Test.TC_001_Signup@2bfc268b]" started-at="2025-04-29T21:05:29 IST" name="myBrowserClose" finished-at="2025-04-29T21:05:29 IST" duration-ms="225" status="PASS">
          <reporter-output>
          </reporter-output>
        </test-method> <!-- myBrowserClose -->
        <test-method is-config="true" signature="reportclose()[pri:0, instance:Test.TC_001_Signup@2bfc268b]" started-at="2025-04-29T21:13:36 IST" name="reportclose" finished-at="2025-04-29T21:13:37 IST" duration-ms="1053" status="PASS">
          <reporter-output>
          </reporter-output>
        </test-method> <!-- reportclose -->
      </class> <!-- Test.TC_001_Signup -->
      <class name="Test.TC_003_SearchHotelTCexecution">
        <test-method is-config="true" signature="valuesetup()[pri:0, instance:Test.TC_003_SearchHotelTCexecution@a3d8174]" started-at="2025-04-29T21:05:06 IST" name="valuesetup" finished-at="2025-04-29T21:05:06 IST" duration-ms="3" status="PASS">
          <reporter-output>
          </reporter-output>
        </test-method> <!-- valuesetup -->
        <test-method is-config="true" signature="testDetails()[pri:0, instance:Test.TC_003_SearchHotelTCexecution@a3d8174]" started-at="2025-04-29T21:05:41 IST" name="testDetails" finished-at="2025-04-29T21:05:41 IST" duration-ms="0" status="PASS">
          <reporter-output>
          </reporter-output>
        </test-method> <!-- testDetails -->
        <test-method is-config="true" signature="myBrowserLaunch()[pri:0, instance:Test.TC_003_SearchHotelTCexecution@a3d8174]" started-at="2025-04-29T21:05:41 IST" name="myBrowserLaunch" finished-at="2025-04-29T21:05:45 IST" duration-ms="4058" status="PASS">
          <reporter-output>
          </reporter-output>
        </test-method> <!-- myBrowserLaunch -->
        <test-method signature="searchHotelExecution(java.lang.String,java.lang.String,java.lang.String,java.lang.String,java.lang.String,java.lang.String,java.lang.String,java.lang.String,java.lang.String,java.lang.String)[pri:0, instance:Test.TC_003_SearchHotelTCexecution@a3d8174]" started-at="2025-04-29T21:05:45 IST" name="searchHotelExecution" data-provider="readexceldata" finished-at="2025-04-29T21:05:48 IST" duration-ms="2754" status="PASS">
          <params>
            <param index="0">
              <value>
                <![CDATA[Sydney]]>
              </value>
            </param>
            <param index="1">
              <value>
                <![CDATA[Hotel Creek]]>
              </value>
            </param>
            <param index="2">
              <value>
                <![CDATA[Standard]]>
              </value>
            </param>
            <param index="3">
              <value>
                <![CDATA[1 - One]]>
              </value>
            </param>
            <param index="4">
              <value>
                <![CDATA[04/06/2025]]>
              </value>
            </param>
            <param index="5">
              <value>
                <![CDATA[10/06/2025]]>
              </value>
            </param>
            <param index="6">
              <value>
                <![CDATA[1 - One]]>
              </value>
            </param>
            <param index="7">
              <value>
                <![CDATA[1 - One]]>
              </value>
            </param>
            <param index="8">
              <value>
                <![CDATA[Valid scenario]]>
              </value>
            </param>
            <param index="9">
              <value>
                <![CDATA[Hotelbooked]]>
              </value>
            </param>
          </params>
          <reporter-output>
          </reporter-output>
        </test-method> <!-- searchHotelExecution -->
        <test-method is-config="true" signature="myBrowserClose()[pri:0, instance:Test.TC_003_SearchHotelTCexecution@a3d8174]" started-at="2025-04-29T21:05:48 IST" name="myBrowserClose" finished-at="2025-04-29T21:05:48 IST" duration-ms="156" status="PASS">
          <reporter-output>
          </reporter-output>
        </test-method> <!-- myBrowserClose -->
        <test-method is-config="true" signature="myBrowserLaunch()[pri:0, instance:Test.TC_003_SearchHotelTCexecution@a3d8174]" started-at="2025-04-29T21:05:48 IST" name="myBrowserLaunch" finished-at="2025-04-29T21:05:52 IST" duration-ms="3832" status="PASS">
          <reporter-output>
          </reporter-output>
        </test-method> <!-- myBrowserLaunch -->
        <test-method signature="searchHotelExecution(java.lang.String,java.lang.String,java.lang.String,java.lang.String,java.lang.String,java.lang.String,java.lang.String,java.lang.String,java.lang.String,java.lang.String)[pri:0, instance:Test.TC_003_SearchHotelTCexecution@a3d8174]" started-at="2025-04-29T21:05:52 IST" name="searchHotelExecution" data-provider="readexceldata" finished-at="2025-04-29T21:05:55 IST" duration-ms="2571" status="PASS">
          <params>
            <param index="0">
              <value>
                <![CDATA[Melbourne]]>
              </value>
            </param>
            <param index="1">
              <value>
                <![CDATA[Hotel Sunshine]]>
              </value>
            </param>
            <param index="2">
              <value>
                <![CDATA[Double]]>
              </value>
            </param>
            <param index="3">
              <value>
                <![CDATA[2 - Two]]>
              </value>
            </param>
            <param index="4">
              <value>
                <![CDATA[04/06/2025]]>
              </value>
            </param>
            <param index="5">
              <value>
                <![CDATA[10/06/2025]]>
              </value>
            </param>
            <param index="6">
              <value>
                <![CDATA[2 - Two]]>
              </value>
            </param>
            <param index="7">
              <value>
                <![CDATA[1 - One]]>
              </value>
            </param>
            <param index="8">
              <value>
                <![CDATA[Valid scenario]]>
              </value>
            </param>
            <param index="9">
              <value>
                <![CDATA[Hotelbooked]]>
              </value>
            </param>
          </params>
          <reporter-output>
          </reporter-output>
        </test-method> <!-- searchHotelExecution -->
        <test-method is-config="true" signature="myBrowserClose()[pri:0, instance:Test.TC_003_SearchHotelTCexecution@a3d8174]" started-at="2025-04-29T21:05:55 IST" name="myBrowserClose" finished-at="2025-04-29T21:05:55 IST" duration-ms="111" status="PASS">
          <reporter-output>
          </reporter-output>
        </test-method> <!-- myBrowserClose -->
        <test-method is-config="true" signature="myBrowserLaunch()[pri:0, instance:Test.TC_003_SearchHotelTCexecution@a3d8174]" started-at="2025-04-29T21:05:55 IST" name="myBrowserLaunch" finished-at="2025-04-29T21:05:58 IST" duration-ms="2960" status="PASS">
          <reporter-output>
          </reporter-output>
        </test-method> <!-- myBrowserLaunch -->
        <test-method signature="searchHotelExecution(java.lang.String,java.lang.String,java.lang.String,java.lang.String,java.lang.String,java.lang.String,java.lang.String,java.lang.String,java.lang.String,java.lang.String)[pri:0, instance:Test.TC_003_SearchHotelTCexecution@a3d8174]" started-at="2025-04-29T21:05:58 IST" name="searchHotelExecution" data-provider="readexceldata" finished-at="2025-04-29T21:06:00 IST" duration-ms="2253" status="PASS">
          <params>
            <param index="0">
              <value>
                <![CDATA[Brisbane]]>
              </value>
            </param>
            <param index="1">
              <value>
                <![CDATA[Hotel Hervey]]>
              </value>
            </param>
            <param index="2">
              <value>
                <![CDATA[Deluxe]]>
              </value>
            </param>
            <param index="3">
              <value>
                <![CDATA[3 - Three]]>
              </value>
            </param>
            <param index="4">
              <value>
                <![CDATA[04/06/2025]]>
              </value>
            </param>
            <param index="5">
              <value>
                <![CDATA[10/06/2025]]>
              </value>
            </param>
            <param index="6">
              <value>
                <![CDATA[3 - Three]]>
              </value>
            </param>
            <param index="7">
              <value>
                <![CDATA[1 - One]]>
              </value>
            </param>
            <param index="8">
              <value>
                <![CDATA[Valid scenario]]>
              </value>
            </param>
            <param index="9">
              <value>
                <![CDATA[Hotelbooked]]>
              </value>
            </param>
          </params>
          <reporter-output>
          </reporter-output>
        </test-method> <!-- searchHotelExecution -->
        <test-method is-config="true" signature="myBrowserClose()[pri:0, instance:Test.TC_003_SearchHotelTCexecution@a3d8174]" started-at="2025-04-29T21:06:00 IST" name="myBrowserClose" finished-at="2025-04-29T21:06:00 IST" duration-ms="136" status="PASS">
          <reporter-output>
          </reporter-output>
        </test-method> <!-- myBrowserClose -->
        <test-method is-config="true" signature="myBrowserLaunch()[pri:0, instance:Test.TC_003_SearchHotelTCexecution@a3d8174]" started-at="2025-04-29T21:06:00 IST" name="myBrowserLaunch" finished-at="2025-04-29T21:06:04 IST" duration-ms="3955" status="PASS">
          <reporter-output>
          </reporter-output>
        </test-method> <!-- myBrowserLaunch -->
        <test-method signature="searchHotelExecution(java.lang.String,java.lang.String,java.lang.String,java.lang.String,java.lang.String,java.lang.String,java.lang.String,java.lang.String,java.lang.String,java.lang.String)[pri:0, instance:Test.TC_003_SearchHotelTCexecution@a3d8174]" started-at="2025-04-29T21:06:04 IST" name="searchHotelExecution" data-provider="readexceldata" finished-at="2025-04-29T21:06:06 IST" duration-ms="2237" status="PASS">
          <params>
            <param index="0">
              <value>
                <![CDATA[]]>
              </value>
            </param>
            <param index="1">
              <value>
                <![CDATA[Hotel Hervey]]>
              </value>
            </param>
            <param index="2">
              <value>
                <![CDATA[Deluxe]]>
              </value>
            </param>
            <param index="3">
              <value>
                <![CDATA[3 - Three]]>
              </value>
            </param>
            <param index="4">
              <value>
                <![CDATA[04/06/2025]]>
              </value>
            </param>
            <param index="5">
              <value>
                <![CDATA[10/06/2025]]>
              </value>
            </param>
            <param index="6">
              <value>
                <![CDATA[3 - Three]]>
              </value>
            </param>
            <param index="7">
              <value>
                <![CDATA[1 - One]]>
              </value>
            </param>
            <param index="8">
              <value>
                <![CDATA[InValid scenario]]>
              </value>
            </param>
            <param index="9">
              <value>
                <![CDATA[Hotelnotbooked]]>
              </value>
            </param>
          </params>
          <reporter-output>
          </reporter-output>
        </test-method> <!-- searchHotelExecution -->
        <test-method is-config="true" signature="myBrowserClose()[pri:0, instance:Test.TC_003_SearchHotelTCexecution@a3d8174]" started-at="2025-04-29T21:06:06 IST" name="myBrowserClose" finished-at="2025-04-29T21:06:07 IST" duration-ms="115" status="PASS">
          <reporter-output>
          </reporter-output>
        </test-method> <!-- myBrowserClose -->
        <test-method is-config="true" signature="myBrowserLaunch()[pri:0, instance:Test.TC_003_SearchHotelTCexecution@a3d8174]" started-at="2025-04-29T21:06:07 IST" name="myBrowserLaunch" finished-at="2025-04-29T21:06:11 IST" duration-ms="4096" status="PASS">
          <reporter-output>
          </reporter-output>
        </test-method> <!-- myBrowserLaunch -->
        <test-method signature="searchHotelExecution(java.lang.String,java.lang.String,java.lang.String,java.lang.String,java.lang.String,java.lang.String,java.lang.String,java.lang.String,java.lang.String,java.lang.String)[pri:0, instance:Test.TC_003_SearchHotelTCexecution@a3d8174]" started-at="2025-04-29T21:06:11 IST" name="searchHotelExecution" data-provider="readexceldata" finished-at="2025-04-29T21:06:13 IST" duration-ms="2148" status="PASS">
          <params>
            <param index="0">
              <value>
                <![CDATA[]]>
              </value>
            </param>
            <param index="1">
              <value>
                <![CDATA[Hotel Hervey]]>
              </value>
            </param>
            <param index="2">
              <value>
                <![CDATA[Deluxe]]>
              </value>
            </param>
            <param index="3">
              <value>
                <![CDATA[]]>
              </value>
            </param>
            <param index="4">
              <value>
                <![CDATA[]]>
              </value>
            </param>
            <param index="5">
              <value>
                <![CDATA[]]>
              </value>
            </param>
            <param index="6">
              <value>
                <![CDATA[]]>
              </value>
            </param>
            <param index="7">
              <value>
                <![CDATA[1 - One]]>
              </value>
            </param>
            <param index="8">
              <value>
                <![CDATA[InValid scenario]]>
              </value>
            </param>
            <param index="9">
              <value>
                <![CDATA[Hotelnotbooked]]>
              </value>
            </param>
          </params>
          <reporter-output>
          </reporter-output>
        </test-method> <!-- searchHotelExecution -->
        <test-method is-config="true" signature="myBrowserClose()[pri:0, instance:Test.TC_003_SearchHotelTCexecution@a3d8174]" started-at="2025-04-29T21:06:13 IST" name="myBrowserClose" finished-at="2025-04-29T21:06:13 IST" duration-ms="104" status="PASS">
          <reporter-output>
          </reporter-output>
        </test-method> <!-- myBrowserClose -->
      </class> <!-- Test.TC_003_SearchHotelTCexecution -->
      <class name="Test.TC_007_BookedItenararyTC">
        <test-method is-config="true" signature="valuesetup()[pri:0, instance:Test.TC_007_BookedItenararyTC@41fecb8b]" started-at="2025-04-29T21:05:06 IST" name="valuesetup" finished-at="2025-04-29T21:05:06 IST" duration-ms="0" status="PASS">
          <reporter-output>
          </reporter-output>
        </test-method> <!-- valuesetup -->
        <test-method is-config="true" signature="testDetails()[pri:0, instance:Test.TC_007_BookedItenararyTC@41fecb8b]" started-at="2025-04-29T21:09:20 IST" name="testDetails" finished-at="2025-04-29T21:09:20 IST" duration-ms="0" status="PASS">
          <reporter-output>
          </reporter-output>
        </test-method> <!-- testDetails -->
        <test-method is-config="true" signature="myBrowserLaunch()[pri:0, instance:Test.TC_007_BookedItenararyTC@41fecb8b]" started-at="2025-04-29T21:09:20 IST" name="myBrowserLaunch" finished-at="2025-04-29T21:09:24 IST" duration-ms="3461" status="PASS">
          <reporter-output>
          </reporter-output>
        </test-method> <!-- myBrowserLaunch -->
        <test-method signature="selectHotelExecution(java.lang.String,java.lang.String,java.lang.String,java.lang.String,java.lang.String,java.lang.String,java.lang.String,java.lang.String,java.lang.String,java.lang.String,java.lang.String,java.lang.String,java.lang.String,java.lang.String,java.lang.String,java.lang.String,java.lang.String,java.lang.String,java.lang.String,java.lang.String,java.lang.String)[pri:0, instance:Test.TC_007_BookedItenararyTC@41fecb8b]" started-at="2025-04-29T21:09:24 IST" name="selectHotelExecution" data-provider="readexceldata" finished-at="2025-04-29T21:10:20 IST" duration-ms="56293" status="FAIL">
          <params>
            <param index="0">
              <value>
                <![CDATA[HemavathyAravind]]>
              </value>
            </param>
            <param index="1">
              <value>
                <![CDATA[Test@123]]>
              </value>
            </param>
            <param index="2">
              <value>
                <![CDATA[Sydney]]>
              </value>
            </param>
            <param index="3">
              <value>
                <![CDATA[Hotel Creek]]>
              </value>
            </param>
            <param index="4">
              <value>
                <![CDATA[Standard]]>
              </value>
            </param>
            <param index="5">
              <value>
                <![CDATA[1 - One]]>
              </value>
            </param>
            <param index="6">
              <value>
                <![CDATA[25/04/2025]]>
              </value>
            </param>
            <param index="7">
              <value>
                <![CDATA[26/04/2025]]>
              </value>
            </param>
            <param index="8">
              <value>
                <![CDATA[1 - One]]>
              </value>
            </param>
            <param index="9">
              <value>
                <![CDATA[1 - One]]>
              </value>
            </param>
            <param index="10">
              <value>
                <![CDATA[//input[@id='radiobutton_0']]]>
              </value>
            </param>
            <param index="11">
              <value>
                <![CDATA[Hemavathy]]>
              </value>
            </param>
            <param index="12">
              <value>
                <![CDATA[Rajendran]]>
              </value>
            </param>
            <param index="13">
              <value>
                <![CDATA[No:123, crossstreet,trichy.]]>
              </value>
            </param>
            <param index="14">
              <value>
                <![CDATA[1234567890123456]]>
              </value>
            </param>
            <param index="15">
              <value>
                <![CDATA[VISA]]>
              </value>
            </param>
            <param index="16">
              <value>
                <![CDATA[Jan]]>
              </value>
            </param>
            <param index="17">
              <value>
                <![CDATA[2026]]>
              </value>
            </param>
            <param index="18">
              <value>
                <![CDATA[123]]>
              </value>
            </param>
            <param index="19">
              <value>
                <![CDATA[Valid scenario]]>
              </value>
            </param>
            <param index="20">
              <value>
                <![CDATA[Hotelbooked]]>
              </value>
            </param>
          </params>
          <exception class="org.openqa.selenium.NoSuchElementException">
            <message>
              <![CDATA[no such element: Unable to locate element: {"method":"css selector","selector":"#order_id_1327207"}
  (Session info: chrome=135.0.7049.115)
For documentation on this error, please visit: https://www.selenium.dev/documentation/webdriver/troubleshooting/errors#no-such-element-exception
Build info: version: '4.31.0', revision: '1ef9f18787*'
System info: os.name: 'Windows 11', os.arch: 'amd64', os.version: '10.0', java.version: '22.0.1'
Driver info: org.openqa.selenium.chrome.ChromeDriver
Command: [cb5a44134c2c76d0284237d115c7c988, findElement {value=order_id_1327207, using=id}]
Capabilities {acceptInsecureCerts: false, browserName: chrome, browserVersion: 135.0.7049.115, chrome: {chromedriverVersion: 135.0.7049.114 (63fd8a7d9d0..., userDataDir: C:\Users\ACER\AppData\Local...}, fedcm:accounts: true, goog:chromeOptions: {debuggerAddress: localhost:53432}, networkConnectionEnabled: false, pageLoadStrategy: normal, platformName: windows, proxy: Proxy(), se:cdp: ws://localhost:53432/devtoo..., se:cdpVersion: 135.0.7049.115, setWindowRect: true, strictFileInteractability: false, timeouts: {implicit: 0, pageLoad: 300000, script: 30000}, unhandledPromptBehavior: dismiss and notify, webauthn:extension:credBlob: true, webauthn:extension:largeBlob: true, webauthn:extension:minPinLength: true, webauthn:extension:prf: true, webauthn:virtualAuthenticators: true}
Session ID: cb5a44134c2c76d0284237d115c7c988]]>
            </message>
            <full-stacktrace>
              <![CDATA[org.openqa.selenium.NoSuchElementException: no such element: Unable to locate element: {"method":"css selector","selector":"#order_id_1327207"}
  (Session info: chrome=135.0.7049.115)
For documentation on this error, please visit: https://www.selenium.dev/documentation/webdriver/troubleshooting/errors#no-such-element-exception
Build info: version: '4.31.0', revision: '1ef9f18787*'
System info: os.name: 'Windows 11', os.arch: 'amd64', os.version: '10.0', java.version: '22.0.1'
Driver info: org.openqa.selenium.chrome.ChromeDriver
Command: [cb5a44134c2c76d0284237d115c7c988, findElement {value=order_id_1327207, using=id}]
Capabilities {acceptInsecureCerts: false, browserName: chrome, browserVersion: 135.0.7049.115, chrome: {chromedriverVersion: 135.0.7049.114 (63fd8a7d9d0..., userDataDir: C:\Users\ACER\AppData\Local...}, fedcm:accounts: true, goog:chromeOptions: {debuggerAddress: localhost:53432}, networkConnectionEnabled: false, pageLoadStrategy: normal, platformName: windows, proxy: Proxy(), se:cdp: ws://localhost:53432/devtoo..., se:cdpVersion: 135.0.7049.115, setWindowRect: true, strictFileInteractability: false, timeouts: {implicit: 0, pageLoad: 300000, script: 30000}, unhandledPromptBehavior: dismiss and notify, webauthn:extension:credBlob: true, webauthn:extension:largeBlob: true, webauthn:extension:minPinLength: true, webauthn:extension:prf: true, webauthn:virtualAuthenticators: true}
Session ID: cb5a44134c2c76d0284237d115c7c988
at java.base/jdk.internal.reflect.DirectConstructorHandleAccessor.newInstance(DirectConstructorHandleAccessor.java:62)
at java.base/java.lang.reflect.Constructor.newInstanceWithCaller(Constructor.java:502)
at java.base/java.lang.reflect.Constructor.newInstance(Constructor.java:486)
at org.openqa.selenium.remote.ErrorCodec.decode(ErrorCodec.java:167)
at org.openqa.selenium.remote.codec.w3c.W3CHttpResponseCodec.decode(W3CHttpResponseCodec.java:138)
at org.openqa.selenium.remote.codec.w3c.W3CHttpResponseCodec.decode(W3CHttpResponseCodec.java:50)
at org.openqa.selenium.remote.HttpCommandExecutor.execute(HttpCommandExecutor.java:215)
at org.openqa.selenium.remote.service.DriverCommandExecutor.invokeExecute(DriverCommandExecutor.java:216)
at org.openqa.selenium.remote.service.DriverCommandExecutor.execute(DriverCommandExecutor.java:174)
at org.openqa.selenium.remote.RemoteWebDriver.execute(RemoteWebDriver.java:545)
at org.openqa.selenium.remote.ElementLocation$ElementFinder$2.findElement(ElementLocation.java:165)
at org.openqa.selenium.remote.ElementLocation.findElement(ElementLocation.java:59)
at org.openqa.selenium.remote.RemoteWebDriver.findElement(RemoteWebDriver.java:368)
at org.openqa.selenium.remote.RemoteWebDriver.findElement(RemoteWebDriver.java:362)
at org.openqa.selenium.support.pagefactory.DefaultElementLocator.findElement(DefaultElementLocator.java:68)
at org.openqa.selenium.support.pagefactory.internal.LocatingElementHandler.invoke(LocatingElementHandler.java:38)
at jdk.proxy2/jdk.proxy2.$Proxy19.getText(Unknown Source)
at Pages.bookeditinerary.searchfieldverification(bookeditinerary.java:56)
at Test.TC_007_BookedItenararyTC.selectHotelExecution(TC_007_BookedItenararyTC.java:42)
at java.base/jdk.internal.reflect.DirectMethodHandleAccessor.invoke(DirectMethodHandleAccessor.java:103)
at java.base/java.lang.reflect.Method.invoke(Method.java:580)
at org.testng.internal.invokers.MethodInvocationHelper.invokeMethod(MethodInvocationHelper.java:141)
at org.testng.internal.invokers.TestInvoker.invokeMethod(TestInvoker.java:687)
at org.testng.internal.invokers.TestInvoker.invokeTestMethod(TestInvoker.java:230)
at org.testng.internal.invokers.MethodRunner.runInSequence(MethodRunner.java:63)
at org.testng.internal.invokers.TestInvoker$MethodInvocationAgent.invoke(TestInvoker.java:995)
at org.testng.internal.invokers.TestInvoker.invokeTestMethods(TestInvoker.java:203)
at org.testng.internal.invokers.TestMethodWorker.invokeTestMethods(TestMethodWorker.java:154)
at org.testng.internal.invokers.TestMethodWorker.run(TestMethodWorker.java:134)
at java.base/java.util.ArrayList.forEach(ArrayList.java:1597)
at org.testng.TestRunner.privateRun(TestRunner.java:741)
at org.testng.TestRunner.run(TestRunner.java:616)
at org.testng.SuiteRunner.runTest(SuiteRunner.java:421)
at org.testng.SuiteRunner.runSequentially(SuiteRunner.java:413)
at org.testng.SuiteRunner.privateRun(SuiteRunner.java:373)
at org.testng.SuiteRunner.run(SuiteRunner.java:312)
at org.testng.SuiteRunnerWorker.runSuite(SuiteRunnerWorker.java:52)
at org.testng.SuiteRunnerWorker.run(SuiteRunnerWorker.java:95)
at org.testng.TestNG.runSuitesSequentially(TestNG.java:1274)
at org.testng.TestNG.runSuitesLocally(TestNG.java:1208)
at org.testng.TestNG.runSuites(TestNG.java:1112)
at org.testng.TestNG.run(TestNG.java:1079)
at org.testng.remote.AbstractRemoteTestNG.run(AbstractRemoteTestNG.java:115)
at org.testng.remote.RemoteTestNG.initAndRun(RemoteTestNG.java:293)
at org.testng.remote.RemoteTestNG.main(RemoteTestNG.java:91)
]]>
            </full-stacktrace>
          </exception> <!-- org.openqa.selenium.NoSuchElementException -->
          <reporter-output>
          </reporter-output>
        </test-method> <!-- selectHotelExecution -->
        <test-method is-config="true" signature="myBrowserClose()[pri:0, instance:Test.TC_007_BookedItenararyTC@41fecb8b]" started-at="2025-04-29T21:10:20 IST" name="myBrowserClose" finished-at="2025-04-29T21:10:21 IST" duration-ms="290" status="PASS">
          <reporter-output>
          </reporter-output>
        </test-method> <!-- myBrowserClose -->
        <test-method is-config="true" signature="myBrowserLaunch()[pri:0, instance:Test.TC_007_BookedItenararyTC@41fecb8b]" started-at="2025-04-29T21:10:21 IST" name="myBrowserLaunch" finished-at="2025-04-29T21:10:24 IST" duration-ms="3163" status="PASS">
          <reporter-output>
          </reporter-output>
        </test-method> <!-- myBrowserLaunch -->
        <test-method signature="selectHotelExecution(java.lang.String,java.lang.String,java.lang.String,java.lang.String,java.lang.String,java.lang.String,java.lang.String,java.lang.String,java.lang.String,java.lang.String,java.lang.String,java.lang.String,java.lang.String,java.lang.String,java.lang.String,java.lang.String,java.lang.String,java.lang.String,java.lang.String,java.lang.String,java.lang.String)[pri:0, instance:Test.TC_007_BookedItenararyTC@41fecb8b]" started-at="2025-04-29T21:10:24 IST" name="selectHotelExecution" data-provider="readexceldata" finished-at="2025-04-29T21:10:56 IST" duration-ms="32261" status="FAIL">
          <params>
            <param index="0">
              <value>
                <![CDATA[HemavathyAravind]]>
              </value>
            </param>
            <param index="1">
              <value>
                <![CDATA[Test@123]]>
              </value>
            </param>
            <param index="2">
              <value>
                <![CDATA[]]>
              </value>
            </param>
            <param index="3">
              <value>
                <![CDATA[Hotel Hervey]]>
              </value>
            </param>
            <param index="4">
              <value>
                <![CDATA[Deluxe]]>
              </value>
            </param>
            <param index="5">
              <value>
                <![CDATA[3 - Three]]>
              </value>
            </param>
            <param index="6">
              <value>
                <![CDATA[25/04/2025]]>
              </value>
            </param>
            <param index="7">
              <value>
                <![CDATA[29/04/2025]]>
              </value>
            </param>
            <param index="8">
              <value>
                <![CDATA[3 - Three]]>
              </value>
            </param>
            <param index="9">
              <value>
                <![CDATA[1 - One]]>
              </value>
            </param>
            <param index="10">
              <value>
                <![CDATA[//input[@id='radiobutton_0']]]>
              </value>
            </param>
            <param index="11">
              <value>
                <![CDATA[Hemavathy]]>
              </value>
            </param>
            <param index="12">
              <value>
                <![CDATA[Rajendran]]>
              </value>
            </param>
            <param index="13">
              <value>
                <![CDATA[No:123, crossstreet,trichy.]]>
              </value>
            </param>
            <param index="14">
              <value>
                <![CDATA[1234567890123456]]>
              </value>
            </param>
            <param index="15">
              <value>
                <![CDATA[VISA]]>
              </value>
            </param>
            <param index="16">
              <value>
                <![CDATA[Jan]]>
              </value>
            </param>
            <param index="17">
              <value>
                <![CDATA[2026]]>
              </value>
            </param>
            <param index="18">
              <value>
                <![CDATA[244]]>
              </value>
            </param>
            <param index="19">
              <value>
                <![CDATA[InValid scenario]]>
              </value>
            </param>
            <param index="20">
              <value>
                <![CDATA[Hotelnotbooked]]>
              </value>
            </param>
          </params>
          <exception class="org.openqa.selenium.NoSuchElementException">
            <message>
              <![CDATA[no such element: Unable to locate element: {"method":"xpath","selector":"//input[@id='radiobutton_0']"}
  (Session info: chrome=135.0.7049.115)
For documentation on this error, please visit: https://www.selenium.dev/documentation/webdriver/troubleshooting/errors#no-such-element-exception
Build info: version: '4.31.0', revision: '1ef9f18787*'
System info: os.name: 'Windows 11', os.arch: 'amd64', os.version: '10.0', java.version: '22.0.1'
Driver info: org.openqa.selenium.chrome.ChromeDriver
Command: [ae79fc47d9185638596f4c98a5ba21ee, findElement {value=//input[@id='radiobutton_0'], using=xpath}]
Capabilities {acceptInsecureCerts: false, browserName: chrome, browserVersion: 135.0.7049.115, chrome: {chromedriverVersion: 135.0.7049.114 (63fd8a7d9d0..., userDataDir: C:\Users\ACER\AppData\Local...}, fedcm:accounts: true, goog:chromeOptions: {debuggerAddress: localhost:53528}, networkConnectionEnabled: false, pageLoadStrategy: normal, platformName: windows, proxy: Proxy(), se:cdp: ws://localhost:53528/devtoo..., se:cdpVersion: 135.0.7049.115, setWindowRect: true, strictFileInteractability: false, timeouts: {implicit: 0, pageLoad: 300000, script: 30000}, unhandledPromptBehavior: dismiss and notify, webauthn:extension:credBlob: true, webauthn:extension:largeBlob: true, webauthn:extension:minPinLength: true, webauthn:extension:prf: true, webauthn:virtualAuthenticators: true}
Session ID: ae79fc47d9185638596f4c98a5ba21ee]]>
            </message>
            <full-stacktrace>
              <![CDATA[org.openqa.selenium.NoSuchElementException: no such element: Unable to locate element: {"method":"xpath","selector":"//input[@id='radiobutton_0']"}
  (Session info: chrome=135.0.7049.115)
For documentation on this error, please visit: https://www.selenium.dev/documentation/webdriver/troubleshooting/errors#no-such-element-exception
Build info: version: '4.31.0', revision: '1ef9f18787*'
System info: os.name: 'Windows 11', os.arch: 'amd64', os.version: '10.0', java.version: '22.0.1'
Driver info: org.openqa.selenium.chrome.ChromeDriver
Command: [ae79fc47d9185638596f4c98a5ba21ee, findElement {value=//input[@id='radiobutton_0'], using=xpath}]
Capabilities {acceptInsecureCerts: false, browserName: chrome, browserVersion: 135.0.7049.115, chrome: {chromedriverVersion: 135.0.7049.114 (63fd8a7d9d0..., userDataDir: C:\Users\ACER\AppData\Local...}, fedcm:accounts: true, goog:chromeOptions: {debuggerAddress: localhost:53528}, networkConnectionEnabled: false, pageLoadStrategy: normal, platformName: windows, proxy: Proxy(), se:cdp: ws://localhost:53528/devtoo..., se:cdpVersion: 135.0.7049.115, setWindowRect: true, strictFileInteractability: false, timeouts: {implicit: 0, pageLoad: 300000, script: 30000}, unhandledPromptBehavior: dismiss and notify, webauthn:extension:credBlob: true, webauthn:extension:largeBlob: true, webauthn:extension:minPinLength: true, webauthn:extension:prf: true, webauthn:virtualAuthenticators: true}
Session ID: ae79fc47d9185638596f4c98a5ba21ee
at java.base/jdk.internal.reflect.DirectConstructorHandleAccessor.newInstance(DirectConstructorHandleAccessor.java:62)
at java.base/java.lang.reflect.Constructor.newInstanceWithCaller(Constructor.java:502)
at java.base/java.lang.reflect.Constructor.newInstance(Constructor.java:486)
at org.openqa.selenium.remote.ErrorCodec.decode(ErrorCodec.java:167)
at org.openqa.selenium.remote.codec.w3c.W3CHttpResponseCodec.decode(W3CHttpResponseCodec.java:138)
at org.openqa.selenium.remote.codec.w3c.W3CHttpResponseCodec.decode(W3CHttpResponseCodec.java:50)
at org.openqa.selenium.remote.HttpCommandExecutor.execute(HttpCommandExecutor.java:215)
at org.openqa.selenium.remote.service.DriverCommandExecutor.invokeExecute(DriverCommandExecutor.java:216)
at org.openqa.selenium.remote.service.DriverCommandExecutor.execute(DriverCommandExecutor.java:174)
at org.openqa.selenium.remote.RemoteWebDriver.execute(RemoteWebDriver.java:545)
at org.openqa.selenium.remote.ElementLocation$ElementFinder$2.findElement(ElementLocation.java:165)
at org.openqa.selenium.remote.ElementLocation.findElement(ElementLocation.java:59)
at org.openqa.selenium.remote.RemoteWebDriver.findElement(RemoteWebDriver.java:368)
at org.openqa.selenium.remote.RemoteWebDriver.findElement(RemoteWebDriver.java:362)
at Pages.selectHotel.selectinghotel(selectHotel.java:66)
at Test.TC_007_BookedItenararyTC.selectHotelExecution(TC_007_BookedItenararyTC.java:36)
at java.base/jdk.internal.reflect.DirectMethodHandleAccessor.invoke(DirectMethodHandleAccessor.java:103)
at java.base/java.lang.reflect.Method.invoke(Method.java:580)
at org.testng.internal.invokers.MethodInvocationHelper.invokeMethod(MethodInvocationHelper.java:141)
at org.testng.internal.invokers.TestInvoker.invokeMethod(TestInvoker.java:687)
at org.testng.internal.invokers.TestInvoker.invokeTestMethod(TestInvoker.java:230)
at org.testng.internal.invokers.MethodRunner.runInSequence(MethodRunner.java:63)
at org.testng.internal.invokers.TestInvoker$MethodInvocationAgent.invoke(TestInvoker.java:995)
at org.testng.internal.invokers.TestInvoker.invokeTestMethods(TestInvoker.java:203)
at org.testng.internal.invokers.TestMethodWorker.invokeTestMethods(TestMethodWorker.java:154)
at org.testng.internal.invokers.TestMethodWorker.run(TestMethodWorker.java:134)
at java.base/java.util.ArrayList.forEach(ArrayList.java:1597)
at org.testng.TestRunner.privateRun(TestRunner.java:741)
at org.testng.TestRunner.run(TestRunner.java:616)
at org.testng.SuiteRunner.runTest(SuiteRunner.java:421)
at org.testng.SuiteRunner.runSequentially(SuiteRunner.java:413)
at org.testng.SuiteRunner.privateRun(SuiteRunner.java:373)
at org.testng.SuiteRunner.run(SuiteRunner.java:312)
at org.testng.SuiteRunnerWorker.runSuite(SuiteRunnerWorker.java:52)
at org.testng.SuiteRunnerWorker.run(SuiteRunnerWorker.java:95)
at org.testng.TestNG.runSuitesSequentially(TestNG.java:1274)
at org.testng.TestNG.runSuitesLocally(TestNG.java:1208)
at org.testng.TestNG.runSuites(TestNG.java:1112)
at org.testng.TestNG.run(TestNG.java:1079)
at org.testng.remote.AbstractRemoteTestNG.run(AbstractRemoteTestNG.java:115)
at org.testng.remote.RemoteTestNG.initAndRun(RemoteTestNG.java:293)
at org.testng.remote.RemoteTestNG.main(RemoteTestNG.java:91)
]]>
            </full-stacktrace>
          </exception> <!-- org.openqa.selenium.NoSuchElementException -->
          <reporter-output>
          </reporter-output>
        </test-method> <!-- selectHotelExecution -->
        <test-method is-config="true" signature="myBrowserClose()[pri:0, instance:Test.TC_007_BookedItenararyTC@41fecb8b]" started-at="2025-04-29T21:10:56 IST" name="myBrowserClose" finished-at="2025-04-29T21:10:56 IST" duration-ms="242" status="PASS">
          <reporter-output>
          </reporter-output>
        </test-method> <!-- myBrowserClose -->
        <test-method is-config="true" signature="myBrowserLaunch()[pri:0, instance:Test.TC_007_BookedItenararyTC@41fecb8b]" started-at="2025-04-29T21:10:56 IST" name="myBrowserLaunch" finished-at="2025-04-29T21:11:01 IST" duration-ms="4140" status="PASS">
          <reporter-output>
          </reporter-output>
        </test-method> <!-- myBrowserLaunch -->
        <test-method signature="selectHotelExecution(java.lang.String,java.lang.String,java.lang.String,java.lang.String,java.lang.String,java.lang.String,java.lang.String,java.lang.String,java.lang.String,java.lang.String,java.lang.String,java.lang.String,java.lang.String,java.lang.String,java.lang.String,java.lang.String,java.lang.String,java.lang.String,java.lang.String,java.lang.String,java.lang.String)[pri:0, instance:Test.TC_007_BookedItenararyTC@41fecb8b]" started-at="2025-04-29T21:11:01 IST" name="selectHotelExecution" data-provider="readexceldata" finished-at="2025-04-29T21:11:40 IST" duration-ms="39487" status="FAIL">
          <params>
            <param index="0">
              <value>
                <![CDATA[HemavathyAravind]]>
              </value>
            </param>
            <param index="1">
              <value>
                <![CDATA[Test@123]]>
              </value>
            </param>
            <param index="2">
              <value>
                <![CDATA[Sydney]]>
              </value>
            </param>
            <param index="3">
              <value>
                <![CDATA[Hotel Creek]]>
              </value>
            </param>
            <param index="4">
              <value>
                <![CDATA[Standard]]>
              </value>
            </param>
            <param index="5">
              <value>
                <![CDATA[1 - One]]>
              </value>
            </param>
            <param index="6">
              <value>
                <![CDATA[25/04/2025]]>
              </value>
            </param>
            <param index="7">
              <value>
                <![CDATA[26/04/2025]]>
              </value>
            </param>
            <param index="8">
              <value>
                <![CDATA[1 - One]]>
              </value>
            </param>
            <param index="9">
              <value>
                <![CDATA[1 - One]]>
              </value>
            </param>
            <param index="10">
              <value>
                <![CDATA[//input[@id='radiobutton_0']]]>
              </value>
            </param>
            <param index="11">
              <value>
                <![CDATA[]]>
              </value>
            </param>
            <param index="12">
              <value>
                <![CDATA[]]>
              </value>
            </param>
            <param index="13">
              <value>
                <![CDATA[]]>
              </value>
            </param>
            <param index="14">
              <value>
                <![CDATA[]]>
              </value>
            </param>
            <param index="15">
              <value>
                <![CDATA[]]>
              </value>
            </param>
            <param index="16">
              <value>
                <![CDATA[]]>
              </value>
            </param>
            <param index="17">
              <value>
                <![CDATA[]]>
              </value>
            </param>
            <param index="18">
              <value>
                <![CDATA[]]>
              </value>
            </param>
            <param index="19">
              <value>
                <![CDATA[InValid scenario]]>
              </value>
            </param>
            <param index="20">
              <value>
                <![CDATA[Hotelbooked]]>
              </value>
            </param>
          </params>
          <exception class="org.openqa.selenium.NoSuchElementException">
            <message>
              <![CDATA[no such element: Unable to locate element: {"method":"css selector","selector":"#my_itinerary"}
  (Session info: chrome=135.0.7049.115)
For documentation on this error, please visit: https://www.selenium.dev/documentation/webdriver/troubleshooting/errors#no-such-element-exception
Build info: version: '4.31.0', revision: '1ef9f18787*'
System info: os.name: 'Windows 11', os.arch: 'amd64', os.version: '10.0', java.version: '22.0.1'
Driver info: org.openqa.selenium.chrome.ChromeDriver
Command: [f4e822322a3fcd918add9d7072d925ab, findElement {value=my_itinerary, using=id}]
Capabilities {acceptInsecureCerts: false, browserName: chrome, browserVersion: 135.0.7049.115, chrome: {chromedriverVersion: 135.0.7049.114 (63fd8a7d9d0..., userDataDir: C:\Users\ACER\AppData\Local...}, fedcm:accounts: true, goog:chromeOptions: {debuggerAddress: localhost:53607}, networkConnectionEnabled: false, pageLoadStrategy: normal, platformName: windows, proxy: Proxy(), se:cdp: ws://localhost:53607/devtoo..., se:cdpVersion: 135.0.7049.115, setWindowRect: true, strictFileInteractability: false, timeouts: {implicit: 0, pageLoad: 300000, script: 30000}, unhandledPromptBehavior: dismiss and notify, webauthn:extension:credBlob: true, webauthn:extension:largeBlob: true, webauthn:extension:minPinLength: true, webauthn:extension:prf: true, webauthn:virtualAuthenticators: true}
Session ID: f4e822322a3fcd918add9d7072d925ab]]>
            </message>
            <full-stacktrace>
              <![CDATA[org.openqa.selenium.NoSuchElementException: no such element: Unable to locate element: {"method":"css selector","selector":"#my_itinerary"}
  (Session info: chrome=135.0.7049.115)
For documentation on this error, please visit: https://www.selenium.dev/documentation/webdriver/troubleshooting/errors#no-such-element-exception
Build info: version: '4.31.0', revision: '1ef9f18787*'
System info: os.name: 'Windows 11', os.arch: 'amd64', os.version: '10.0', java.version: '22.0.1'
Driver info: org.openqa.selenium.chrome.ChromeDriver
Command: [f4e822322a3fcd918add9d7072d925ab, findElement {value=my_itinerary, using=id}]
Capabilities {acceptInsecureCerts: false, browserName: chrome, browserVersion: 135.0.7049.115, chrome: {chromedriverVersion: 135.0.7049.114 (63fd8a7d9d0..., userDataDir: C:\Users\ACER\AppData\Local...}, fedcm:accounts: true, goog:chromeOptions: {debuggerAddress: localhost:53607}, networkConnectionEnabled: false, pageLoadStrategy: normal, platformName: windows, proxy: Proxy(), se:cdp: ws://localhost:53607/devtoo..., se:cdpVersion: 135.0.7049.115, setWindowRect: true, strictFileInteractability: false, timeouts: {implicit: 0, pageLoad: 300000, script: 30000}, unhandledPromptBehavior: dismiss and notify, webauthn:extension:credBlob: true, webauthn:extension:largeBlob: true, webauthn:extension:minPinLength: true, webauthn:extension:prf: true, webauthn:virtualAuthenticators: true}
Session ID: f4e822322a3fcd918add9d7072d925ab
at java.base/jdk.internal.reflect.DirectConstructorHandleAccessor.newInstance(DirectConstructorHandleAccessor.java:62)
at java.base/java.lang.reflect.Constructor.newInstanceWithCaller(Constructor.java:502)
at java.base/java.lang.reflect.Constructor.newInstance(Constructor.java:486)
at org.openqa.selenium.remote.ErrorCodec.decode(ErrorCodec.java:167)
at org.openqa.selenium.remote.codec.w3c.W3CHttpResponseCodec.decode(W3CHttpResponseCodec.java:138)
at org.openqa.selenium.remote.codec.w3c.W3CHttpResponseCodec.decode(W3CHttpResponseCodec.java:50)
at org.openqa.selenium.remote.HttpCommandExecutor.execute(HttpCommandExecutor.java:215)
at org.openqa.selenium.remote.service.DriverCommandExecutor.invokeExecute(DriverCommandExecutor.java:216)
at org.openqa.selenium.remote.service.DriverCommandExecutor.execute(DriverCommandExecutor.java:174)
at org.openqa.selenium.remote.RemoteWebDriver.execute(RemoteWebDriver.java:545)
at org.openqa.selenium.remote.ElementLocation$ElementFinder$2.findElement(ElementLocation.java:165)
at org.openqa.selenium.remote.ElementLocation.findElement(ElementLocation.java:59)
at org.openqa.selenium.remote.RemoteWebDriver.findElement(RemoteWebDriver.java:368)
at org.openqa.selenium.remote.RemoteWebDriver.findElement(RemoteWebDriver.java:362)
at org.openqa.selenium.support.pagefactory.DefaultElementLocator.findElement(DefaultElementLocator.java:68)
at org.openqa.selenium.support.pagefactory.internal.LocatingElementHandler.invoke(LocatingElementHandler.java:38)
at jdk.proxy2/jdk.proxy2.$Proxy19.click(Unknown Source)
at Pages.bookingConfirmation.clickingonmyitinerary(bookingConfirmation.java:26)
at Test.TC_007_BookedItenararyTC.selectHotelExecution(TC_007_BookedItenararyTC.java:40)
at java.base/jdk.internal.reflect.DirectMethodHandleAccessor.invoke(DirectMethodHandleAccessor.java:103)
at java.base/java.lang.reflect.Method.invoke(Method.java:580)
at org.testng.internal.invokers.MethodInvocationHelper.invokeMethod(MethodInvocationHelper.java:141)
at org.testng.internal.invokers.TestInvoker.invokeMethod(TestInvoker.java:687)
at org.testng.internal.invokers.TestInvoker.invokeTestMethod(TestInvoker.java:230)
at org.testng.internal.invokers.MethodRunner.runInSequence(MethodRunner.java:63)
at org.testng.internal.invokers.TestInvoker$MethodInvocationAgent.invoke(TestInvoker.java:995)
at org.testng.internal.invokers.TestInvoker.invokeTestMethods(TestInvoker.java:203)
at org.testng.internal.invokers.TestMethodWorker.invokeTestMethods(TestMethodWorker.java:154)
at org.testng.internal.invokers.TestMethodWorker.run(TestMethodWorker.java:134)
at java.base/java.util.ArrayList.forEach(ArrayList.java:1597)
at org.testng.TestRunner.privateRun(TestRunner.java:741)
at org.testng.TestRunner.run(TestRunner.java:616)
at org.testng.SuiteRunner.runTest(SuiteRunner.java:421)
at org.testng.SuiteRunner.runSequentially(SuiteRunner.java:413)
at org.testng.SuiteRunner.privateRun(SuiteRunner.java:373)
at org.testng.SuiteRunner.run(SuiteRunner.java:312)
at org.testng.SuiteRunnerWorker.runSuite(SuiteRunnerWorker.java:52)
at org.testng.SuiteRunnerWorker.run(SuiteRunnerWorker.java:95)
at org.testng.TestNG.runSuitesSequentially(TestNG.java:1274)
at org.testng.TestNG.runSuitesLocally(TestNG.java:1208)
at org.testng.TestNG.runSuites(TestNG.java:1112)
at org.testng.TestNG.run(TestNG.java:1079)
at org.testng.remote.AbstractRemoteTestNG.run(AbstractRemoteTestNG.java:115)
at org.testng.remote.RemoteTestNG.initAndRun(RemoteTestNG.java:293)
at org.testng.remote.RemoteTestNG.main(RemoteTestNG.java:91)
]]>
            </full-stacktrace>
          </exception> <!-- org.openqa.selenium.NoSuchElementException -->
          <reporter-output>
          </reporter-output>
        </test-method> <!-- selectHotelExecution -->
        <test-method is-config="true" signature="myBrowserClose()[pri:0, instance:Test.TC_007_BookedItenararyTC@41fecb8b]" started-at="2025-04-29T21:11:40 IST" name="myBrowserClose" finished-at="2025-04-29T21:11:40 IST" duration-ms="161" status="PASS">
          <reporter-output>
          </reporter-output>
        </test-method> <!-- myBrowserClose -->
      </class> <!-- Test.TC_007_BookedItenararyTC -->
      <class name="Test.TC_004_SelectHotelTC">
        <test-method is-config="true" signature="valuesetup()[pri:0, instance:Test.TC_004_SelectHotelTC@1ba9117e]" started-at="2025-04-29T21:05:06 IST" name="valuesetup" finished-at="2025-04-29T21:05:06 IST" duration-ms="1" status="PASS">
          <reporter-output>
          </reporter-output>
        </test-method> <!-- valuesetup -->
        <test-method is-config="true" signature="testDetails()[pri:0, instance:Test.TC_004_SelectHotelTC@1ba9117e]" started-at="2025-04-29T21:06:13 IST" name="testDetails" finished-at="2025-04-29T21:06:13 IST" duration-ms="0" status="PASS">
          <reporter-output>
          </reporter-output>
        </test-method> <!-- testDetails -->
        <test-method is-config="true" signature="myBrowserLaunch()[pri:0, instance:Test.TC_004_SelectHotelTC@1ba9117e]" started-at="2025-04-29T21:06:13 IST" name="myBrowserLaunch" finished-at="2025-04-29T21:06:16 IST" duration-ms="3164" status="PASS">
          <reporter-output>
          </reporter-output>
        </test-method> <!-- myBrowserLaunch -->
        <test-method signature="selectHotelExecution(java.lang.String,java.lang.String,java.lang.String,java.lang.String,java.lang.String,java.lang.String,java.lang.String,java.lang.String,java.lang.String,java.lang.String,java.lang.String,java.lang.String,java.lang.String)[pri:0, instance:Test.TC_004_SelectHotelTC@1ba9117e]" started-at="2025-04-29T21:06:16 IST" name="selectHotelExecution" data-provider="readexceldata" finished-at="2025-04-29T21:06:20 IST" duration-ms="3661" status="PASS">
          <params>
            <param index="0">
              <value>
                <![CDATA[HemavathyAravind]]>
              </value>
            </param>
            <param index="1">
              <value>
                <![CDATA[Test@123]]>
              </value>
            </param>
            <param index="2">
              <value>
                <![CDATA[Sydney]]>
              </value>
            </param>
            <param index="3">
              <value>
                <![CDATA[Hotel Creek]]>
              </value>
            </param>
            <param index="4">
              <value>
                <![CDATA[Standard]]>
              </value>
            </param>
            <param index="5">
              <value>
                <![CDATA[1 - One]]>
              </value>
            </param>
            <param index="6">
              <value>
                <![CDATA[04/06/2025]]>
              </value>
            </param>
            <param index="7">
              <value>
                <![CDATA[10/06/2025]]>
              </value>
            </param>
            <param index="8">
              <value>
                <![CDATA[1 - One]]>
              </value>
            </param>
            <param index="9">
              <value>
                <![CDATA[1 - One]]>
              </value>
            </param>
            <param index="10">
              <value>
                <![CDATA[//input[@id='radiobutton_0']]]>
              </value>
            </param>
            <param index="11">
              <value>
                <![CDATA[Valid scenario]]>
              </value>
            </param>
            <param index="12">
              <value>
                <![CDATA[Hotelbooked]]>
              </value>
            </param>
          </params>
          <reporter-output>
          </reporter-output>
        </test-method> <!-- selectHotelExecution -->
        <test-method is-config="true" signature="myBrowserClose()[pri:0, instance:Test.TC_004_SelectHotelTC@1ba9117e]" started-at="2025-04-29T21:06:20 IST" name="myBrowserClose" finished-at="2025-04-29T21:06:20 IST" duration-ms="124" status="PASS">
          <reporter-output>
          </reporter-output>
        </test-method> <!-- myBrowserClose -->
        <test-method is-config="true" signature="myBrowserLaunch()[pri:0, instance:Test.TC_004_SelectHotelTC@1ba9117e]" started-at="2025-04-29T21:06:20 IST" name="myBrowserLaunch" finished-at="2025-04-29T21:06:23 IST" duration-ms="2831" status="PASS">
          <reporter-output>
          </reporter-output>
        </test-method> <!-- myBrowserLaunch -->
        <test-method signature="selectHotelExecution(java.lang.String,java.lang.String,java.lang.String,java.lang.String,java.lang.String,java.lang.String,java.lang.String,java.lang.String,java.lang.String,java.lang.String,java.lang.String,java.lang.String,java.lang.String)[pri:0, instance:Test.TC_004_SelectHotelTC@1ba9117e]" started-at="2025-04-29T21:06:23 IST" name="selectHotelExecution" data-provider="readexceldata" finished-at="2025-04-29T21:06:25 IST" duration-ms="2419" status="FAIL">
          <params>
            <param index="0">
              <value>
                <![CDATA[HemavathyAravind]]>
              </value>
            </param>
            <param index="1">
              <value>
                <![CDATA[Test@123]]>
              </value>
            </param>
            <param index="2">
              <value>
                <![CDATA[]]>
              </value>
            </param>
            <param index="3">
              <value>
                <![CDATA[Hotel Hervey]]>
              </value>
            </param>
            <param index="4">
              <value>
                <![CDATA[Deluxe]]>
              </value>
            </param>
            <param index="5">
              <value>
                <![CDATA[3 - Three]]>
              </value>
            </param>
            <param index="6">
              <value>
                <![CDATA[04/06/2025]]>
              </value>
            </param>
            <param index="7">
              <value>
                <![CDATA[10/06/2025]]>
              </value>
            </param>
            <param index="8">
              <value>
                <![CDATA[3 - Three]]>
              </value>
            </param>
            <param index="9">
              <value>
                <![CDATA[1 - One]]>
              </value>
            </param>
            <param index="10">
              <value>
                <![CDATA[]]>
              </value>
            </param>
            <param index="11">
              <value>
                <![CDATA[InValid scenario]]>
              </value>
            </param>
            <param index="12">
              <value>
                <![CDATA[Hotelnotbooked]]>
              </value>
            </param>
          </params>
          <exception class="org.openqa.selenium.InvalidSelectorException">
            <message>
              <![CDATA[invalid selector: Unable to locate an element with the xpath expression  because of the following error:
SyntaxError: Failed to execute 'evaluate' on 'Document': The string '' is not a valid XPath expression.
  (Session info: chrome=135.0.7049.115)
For documentation on this error, please visit: https://www.selenium.dev/documentation/webdriver/troubleshooting/errors#invalid-selector-exception
Build info: version: '4.31.0', revision: '1ef9f18787*'
System info: os.name: 'Windows 11', os.arch: 'amd64', os.version: '10.0', java.version: '22.0.1'
Driver info: org.openqa.selenium.chrome.ChromeDriver
Command: [a7f40d3e78cb411baf5c7d57482490ca, findElement {value=, using=xpath}]
Capabilities {acceptInsecureCerts: false, browserName: chrome, browserVersion: 135.0.7049.115, chrome: {chromedriverVersion: 135.0.7049.114 (63fd8a7d9d0..., userDataDir: C:\Users\ACER\AppData\Local...}, fedcm:accounts: true, goog:chromeOptions: {debuggerAddress: localhost:52971}, networkConnectionEnabled: false, pageLoadStrategy: normal, platformName: windows, proxy: Proxy(), se:cdp: ws://localhost:52971/devtoo..., se:cdpVersion: 135.0.7049.115, setWindowRect: true, strictFileInteractability: false, timeouts: {implicit: 0, pageLoad: 300000, script: 30000}, unhandledPromptBehavior: dismiss and notify, webauthn:extension:credBlob: true, webauthn:extension:largeBlob: true, webauthn:extension:minPinLength: true, webauthn:extension:prf: true, webauthn:virtualAuthenticators: true}
Session ID: a7f40d3e78cb411baf5c7d57482490ca]]>
            </message>
            <full-stacktrace>
              <![CDATA[org.openqa.selenium.InvalidSelectorException: invalid selector: Unable to locate an element with the xpath expression  because of the following error:
SyntaxError: Failed to execute 'evaluate' on 'Document': The string '' is not a valid XPath expression.
  (Session info: chrome=135.0.7049.115)
For documentation on this error, please visit: https://www.selenium.dev/documentation/webdriver/troubleshooting/errors#invalid-selector-exception
Build info: version: '4.31.0', revision: '1ef9f18787*'
System info: os.name: 'Windows 11', os.arch: 'amd64', os.version: '10.0', java.version: '22.0.1'
Driver info: org.openqa.selenium.chrome.ChromeDriver
Command: [a7f40d3e78cb411baf5c7d57482490ca, findElement {value=, using=xpath}]
Capabilities {acceptInsecureCerts: false, browserName: chrome, browserVersion: 135.0.7049.115, chrome: {chromedriverVersion: 135.0.7049.114 (63fd8a7d9d0..., userDataDir: C:\Users\ACER\AppData\Local...}, fedcm:accounts: true, goog:chromeOptions: {debuggerAddress: localhost:52971}, networkConnectionEnabled: false, pageLoadStrategy: normal, platformName: windows, proxy: Proxy(), se:cdp: ws://localhost:52971/devtoo..., se:cdpVersion: 135.0.7049.115, setWindowRect: true, strictFileInteractability: false, timeouts: {implicit: 0, pageLoad: 300000, script: 30000}, unhandledPromptBehavior: dismiss and notify, webauthn:extension:credBlob: true, webauthn:extension:largeBlob: true, webauthn:extension:minPinLength: true, webauthn:extension:prf: true, webauthn:virtualAuthenticators: true}
Session ID: a7f40d3e78cb411baf5c7d57482490ca
at java.base/jdk.internal.reflect.DirectConstructorHandleAccessor.newInstance(DirectConstructorHandleAccessor.java:62)
at java.base/java.lang.reflect.Constructor.newInstanceWithCaller(Constructor.java:502)
at java.base/java.lang.reflect.Constructor.newInstance(Constructor.java:486)
at org.openqa.selenium.remote.ErrorCodec.decode(ErrorCodec.java:167)
at org.openqa.selenium.remote.codec.w3c.W3CHttpResponseCodec.decode(W3CHttpResponseCodec.java:138)
at org.openqa.selenium.remote.codec.w3c.W3CHttpResponseCodec.decode(W3CHttpResponseCodec.java:50)
at org.openqa.selenium.remote.HttpCommandExecutor.execute(HttpCommandExecutor.java:215)
at org.openqa.selenium.remote.service.DriverCommandExecutor.invokeExecute(DriverCommandExecutor.java:216)
at org.openqa.selenium.remote.service.DriverCommandExecutor.execute(DriverCommandExecutor.java:174)
at org.openqa.selenium.remote.RemoteWebDriver.execute(RemoteWebDriver.java:545)
at org.openqa.selenium.remote.ElementLocation$ElementFinder$2.findElement(ElementLocation.java:165)
at org.openqa.selenium.remote.ElementLocation.findElement(ElementLocation.java:59)
at org.openqa.selenium.remote.RemoteWebDriver.findElement(RemoteWebDriver.java:368)
at org.openqa.selenium.remote.RemoteWebDriver.findElement(RemoteWebDriver.java:362)
at Pages.selectHotel.selectinghotel(selectHotel.java:66)
at Test.TC_004_SelectHotelTC.selectHotelExecution(TC_004_SelectHotelTC.java:34)
at java.base/jdk.internal.reflect.DirectMethodHandleAccessor.invoke(DirectMethodHandleAccessor.java:103)
at java.base/java.lang.reflect.Method.invoke(Method.java:580)
at org.testng.internal.invokers.MethodInvocationHelper.invokeMethod(MethodInvocationHelper.java:141)
at org.testng.internal.invokers.TestInvoker.invokeMethod(TestInvoker.java:687)
at org.testng.internal.invokers.TestInvoker.invokeTestMethod(TestInvoker.java:230)
at org.testng.internal.invokers.MethodRunner.runInSequence(MethodRunner.java:63)
at org.testng.internal.invokers.TestInvoker$MethodInvocationAgent.invoke(TestInvoker.java:995)
at org.testng.internal.invokers.TestInvoker.invokeTestMethods(TestInvoker.java:203)
at org.testng.internal.invokers.TestMethodWorker.invokeTestMethods(TestMethodWorker.java:154)
at org.testng.internal.invokers.TestMethodWorker.run(TestMethodWorker.java:134)
at java.base/java.util.ArrayList.forEach(ArrayList.java:1597)
at org.testng.TestRunner.privateRun(TestRunner.java:741)
at org.testng.TestRunner.run(TestRunner.java:616)
at org.testng.SuiteRunner.runTest(SuiteRunner.java:421)
at org.testng.SuiteRunner.runSequentially(SuiteRunner.java:413)
at org.testng.SuiteRunner.privateRun(SuiteRunner.java:373)
at org.testng.SuiteRunner.run(SuiteRunner.java:312)
at org.testng.SuiteRunnerWorker.runSuite(SuiteRunnerWorker.java:52)
at org.testng.SuiteRunnerWorker.run(SuiteRunnerWorker.java:95)
at org.testng.TestNG.runSuitesSequentially(TestNG.java:1274)
at org.testng.TestNG.runSuitesLocally(TestNG.java:1208)
at org.testng.TestNG.runSuites(TestNG.java:1112)
at org.testng.TestNG.run(TestNG.java:1079)
at org.testng.remote.AbstractRemoteTestNG.run(AbstractRemoteTestNG.java:115)
at org.testng.remote.RemoteTestNG.initAndRun(RemoteTestNG.java:293)
at org.testng.remote.RemoteTestNG.main(RemoteTestNG.java:91)
]]>
            </full-stacktrace>
          </exception> <!-- org.openqa.selenium.InvalidSelectorException -->
          <reporter-output>
          </reporter-output>
        </test-method> <!-- selectHotelExecution -->
        <test-method is-config="true" signature="myBrowserClose()[pri:0, instance:Test.TC_004_SelectHotelTC@1ba9117e]" started-at="2025-04-29T21:06:26 IST" name="myBrowserClose" finished-at="2025-04-29T21:06:26 IST" duration-ms="155" status="PASS">
          <reporter-output>
          </reporter-output>
        </test-method> <!-- myBrowserClose -->
      </class> <!-- Test.TC_004_SelectHotelTC -->
      <class name="Test.TC_002_Login">
        <test-method is-config="true" signature="valuesetup()[pri:0, instance:Test.TC_002_Login@44821a96]" started-at="2025-04-29T21:05:06 IST" name="valuesetup" finished-at="2025-04-29T21:05:06 IST" duration-ms="0" status="PASS">
          <reporter-output>
          </reporter-output>
        </test-method> <!-- valuesetup -->
        <test-method is-config="true" signature="testDetails()[pri:0, instance:Test.TC_002_Login@44821a96]" started-at="2025-04-29T21:05:29 IST" name="testDetails" finished-at="2025-04-29T21:05:29 IST" duration-ms="1" status="PASS">
          <reporter-output>
          </reporter-output>
        </test-method> <!-- testDetails -->
        <test-method is-config="true" signature="myBrowserLaunch()[pri:0, instance:Test.TC_002_Login@44821a96]" started-at="2025-04-29T21:05:29 IST" name="myBrowserLaunch" finished-at="2025-04-29T21:05:35 IST" duration-ms="5720" status="PASS">
          <reporter-output>
          </reporter-output>
        </test-method> <!-- myBrowserLaunch -->
        <test-method signature="loginexecution(java.lang.String,java.lang.String,java.lang.String,java.lang.String)[pri:0, instance:Test.TC_002_Login@44821a96]" started-at="2025-04-29T21:05:35 IST" name="loginexecution" data-provider="readexceldata" finished-at="2025-04-29T21:05:37 IST" duration-ms="1741" status="PASS">
          <params>
            <param index="0">
              <value>
                <![CDATA[HemavathyAravind]]>
              </value>
            </param>
            <param index="1">
              <value>
                <![CDATA[Test@123]]>
              </value>
            </param>
            <param index="2">
              <value>
                <![CDATA[Valid scenario]]>
              </value>
            </param>
            <param index="3">
              <value>
                <![CDATA[Login successful]]>
              </value>
            </param>
          </params>
          <reporter-output>
          </reporter-output>
        </test-method> <!-- loginexecution -->
        <test-method is-config="true" signature="myBrowserClose()[pri:0, instance:Test.TC_002_Login@44821a96]" started-at="2025-04-29T21:05:37 IST" name="myBrowserClose" finished-at="2025-04-29T21:05:37 IST" duration-ms="128" status="PASS">
          <reporter-output>
          </reporter-output>
        </test-method> <!-- myBrowserClose -->
        <test-method is-config="true" signature="myBrowserLaunch()[pri:0, instance:Test.TC_002_Login@44821a96]" started-at="2025-04-29T21:05:37 IST" name="myBrowserLaunch" finished-at="2025-04-29T21:05:40 IST" duration-ms="3183" status="PASS">
          <reporter-output>
          </reporter-output>
        </test-method> <!-- myBrowserLaunch -->
        <test-method signature="loginexecution(java.lang.String,java.lang.String,java.lang.String,java.lang.String)[pri:0, instance:Test.TC_002_Login@44821a96]" started-at="2025-04-29T21:05:40 IST" name="loginexecution" data-provider="readexceldata" finished-at="2025-04-29T21:05:41 IST" duration-ms="709" status="PASS">
          <params>
            <param index="0">
              <value>
                <![CDATA[HemavathyAgrh]]>
              </value>
            </param>
            <param index="1">
              <value>
                <![CDATA[Test@123]]>
              </value>
            </param>
            <param index="2">
              <value>
                <![CDATA[Invalid scenario]]>
              </value>
            </param>
            <param index="3">
              <value>
                <![CDATA[login unsuccessful]]>
              </value>
            </param>
          </params>
          <reporter-output>
          </reporter-output>
        </test-method> <!-- loginexecution -->
        <test-method is-config="true" signature="myBrowserClose()[pri:0, instance:Test.TC_002_Login@44821a96]" started-at="2025-04-29T21:05:41 IST" name="myBrowserClose" finished-at="2025-04-29T21:05:41 IST" duration-ms="265" status="PASS">
          <reporter-output>
          </reporter-output>
        </test-method> <!-- myBrowserClose -->
      </class> <!-- Test.TC_002_Login -->
      <class name="Test.TC_008_MenuitemsTC">
        <test-method is-config="true" signature="valuesetup()[pri:0, instance:Test.TC_008_MenuitemsTC@120f102b]" started-at="2025-04-29T21:05:06 IST" name="valuesetup" finished-at="2025-04-29T21:05:06 IST" duration-ms="0" status="PASS">
          <reporter-output>
          </reporter-output>
        </test-method> <!-- valuesetup -->
        <test-method is-config="true" signature="testDetails()[pri:0, instance:Test.TC_008_MenuitemsTC@120f102b]" started-at="2025-04-29T21:11:40 IST" name="testDetails" finished-at="2025-04-29T21:11:40 IST" duration-ms="0" status="PASS">
          <reporter-output>
          </reporter-output>
        </test-method> <!-- testDetails -->
        <test-method is-config="true" signature="myBrowserLaunch()[pri:0, instance:Test.TC_008_MenuitemsTC@120f102b]" started-at="2025-04-29T21:11:41 IST" name="myBrowserLaunch" finished-at="2025-04-29T21:11:45 IST" duration-ms="4294" status="PASS">
          <reporter-output>
          </reporter-output>
        </test-method> <!-- myBrowserLaunch -->
        <test-method signature="loginexecution(java.lang.String,java.lang.String,java.lang.String,java.lang.String)[pri:0, instance:Test.TC_008_MenuitemsTC@120f102b]" started-at="2025-04-29T21:11:45 IST" name="loginexecution" data-provider="readexceldata" finished-at="2025-04-29T21:11:48 IST" duration-ms="3106" status="PASS">
          <params>
            <param index="0">
              <value>
                <![CDATA[HemavathyAravind]]>
              </value>
            </param>
            <param index="1">
              <value>
                <![CDATA[Test@123]]>
              </value>
            </param>
            <param index="2">
              <value>
                <![CDATA[Valid scenario]]>
              </value>
            </param>
            <param index="3">
              <value>
                <![CDATA[Login successful]]>
              </value>
            </param>
          </params>
          <reporter-output>
          </reporter-output>
        </test-method> <!-- loginexecution -->
        <test-method is-config="true" signature="myBrowserClose()[pri:0, instance:Test.TC_008_MenuitemsTC@120f102b]" started-at="2025-04-29T21:11:48 IST" name="myBrowserClose" finished-at="2025-04-29T21:11:48 IST" duration-ms="140" status="PASS">
          <reporter-output>
          </reporter-output>
        </test-method> <!-- myBrowserClose -->
        <test-method is-config="true" signature="myBrowserLaunch()[pri:0, instance:Test.TC_008_MenuitemsTC@120f102b]" started-at="2025-04-29T21:11:48 IST" name="myBrowserLaunch" finished-at="2025-04-29T21:11:52 IST" duration-ms="4124" status="PASS">
          <reporter-output>
          </reporter-output>
        </test-method> <!-- myBrowserLaunch -->
        <test-method signature="loginexecution(java.lang.String,java.lang.String,java.lang.String,java.lang.String)[pri:0, instance:Test.TC_008_MenuitemsTC@120f102b]" started-at="2025-04-29T21:11:52 IST" name="loginexecution" data-provider="readexceldata" finished-at="2025-04-29T21:12:23 IST" duration-ms="30748" status="FAIL">
          <params>
            <param index="0">
              <value>
                <![CDATA[HemavathyAgrh]]>
              </value>
            </param>
            <param index="1">
              <value>
                <![CDATA[Test@123]]>
              </value>
            </param>
            <param index="2">
              <value>
                <![CDATA[Invalid scenario]]>
              </value>
            </param>
            <param index="3">
              <value>
                <![CDATA[login unsuccessful]]>
              </value>
            </param>
          </params>
          <exception class="org.openqa.selenium.NoSuchElementException">
            <message>
              <![CDATA[no such element: Unable to locate element: {"method":"xpath","selector":"//td[text()='Welcome to Adactin Group of Hotels']"}
  (Session info: chrome=135.0.7049.115)
For documentation on this error, please visit: https://www.selenium.dev/documentation/webdriver/troubleshooting/errors#no-such-element-exception
Build info: version: '4.31.0', revision: '1ef9f18787*'
System info: os.name: 'Windows 11', os.arch: 'amd64', os.version: '10.0', java.version: '22.0.1'
Driver info: org.openqa.selenium.chrome.ChromeDriver
Command: [b5ff67e1e71e46d1150e5c1588075934, findElement {value=//td[text()='Welcome to Adactin Group of Hotels'], using=xpath}]
Capabilities {acceptInsecureCerts: false, browserName: chrome, browserVersion: 135.0.7049.115, chrome: {chromedriverVersion: 135.0.7049.114 (63fd8a7d9d0..., userDataDir: C:\Users\ACER\AppData\Local...}, fedcm:accounts: true, goog:chromeOptions: {debuggerAddress: localhost:53731}, networkConnectionEnabled: false, pageLoadStrategy: normal, platformName: windows, proxy: Proxy(), se:cdp: ws://localhost:53731/devtoo..., se:cdpVersion: 135.0.7049.115, setWindowRect: true, strictFileInteractability: false, timeouts: {implicit: 0, pageLoad: 300000, script: 30000}, unhandledPromptBehavior: dismiss and notify, webauthn:extension:credBlob: true, webauthn:extension:largeBlob: true, webauthn:extension:minPinLength: true, webauthn:extension:prf: true, webauthn:virtualAuthenticators: true}
Session ID: b5ff67e1e71e46d1150e5c1588075934]]>
            </message>
            <full-stacktrace>
              <![CDATA[org.openqa.selenium.NoSuchElementException: no such element: Unable to locate element: {"method":"xpath","selector":"//td[text()='Welcome to Adactin Group of Hotels']"}
  (Session info: chrome=135.0.7049.115)
For documentation on this error, please visit: https://www.selenium.dev/documentation/webdriver/troubleshooting/errors#no-such-element-exception
Build info: version: '4.31.0', revision: '1ef9f18787*'
System info: os.name: 'Windows 11', os.arch: 'amd64', os.version: '10.0', java.version: '22.0.1'
Driver info: org.openqa.selenium.chrome.ChromeDriver
Command: [b5ff67e1e71e46d1150e5c1588075934, findElement {value=//td[text()='Welcome to Adactin Group of Hotels'], using=xpath}]
Capabilities {acceptInsecureCerts: false, browserName: chrome, browserVersion: 135.0.7049.115, chrome: {chromedriverVersion: 135.0.7049.114 (63fd8a7d9d0..., userDataDir: C:\Users\ACER\AppData\Local...}, fedcm:accounts: true, goog:chromeOptions: {debuggerAddress: localhost:53731}, networkConnectionEnabled: false, pageLoadStrategy: normal, platformName: windows, proxy: Proxy(), se:cdp: ws://localhost:53731/devtoo..., se:cdpVersion: 135.0.7049.115, setWindowRect: true, strictFileInteractability: false, timeouts: {implicit: 0, pageLoad: 300000, script: 30000}, unhandledPromptBehavior: dismiss and notify, webauthn:extension:credBlob: true, webauthn:extension:largeBlob: true, webauthn:extension:minPinLength: true, webauthn:extension:prf: true, webauthn:virtualAuthenticators: true}
Session ID: b5ff67e1e71e46d1150e5c1588075934
at java.base/jdk.internal.reflect.DirectConstructorHandleAccessor.newInstance(DirectConstructorHandleAccessor.java:62)
at java.base/java.lang.reflect.Constructor.newInstanceWithCaller(Constructor.java:502)
at java.base/java.lang.reflect.Constructor.newInstance(Constructor.java:486)
at org.openqa.selenium.remote.ErrorCodec.decode(ErrorCodec.java:167)
at org.openqa.selenium.remote.codec.w3c.W3CHttpResponseCodec.decode(W3CHttpResponseCodec.java:138)
at org.openqa.selenium.remote.codec.w3c.W3CHttpResponseCodec.decode(W3CHttpResponseCodec.java:50)
at org.openqa.selenium.remote.HttpCommandExecutor.execute(HttpCommandExecutor.java:215)
at org.openqa.selenium.remote.service.DriverCommandExecutor.invokeExecute(DriverCommandExecutor.java:216)
at org.openqa.selenium.remote.service.DriverCommandExecutor.execute(DriverCommandExecutor.java:174)
at org.openqa.selenium.remote.RemoteWebDriver.execute(RemoteWebDriver.java:545)
at org.openqa.selenium.remote.ElementLocation$ElementFinder$2.findElement(ElementLocation.java:165)
at org.openqa.selenium.remote.ElementLocation.findElement(ElementLocation.java:59)
at org.openqa.selenium.remote.RemoteWebDriver.findElement(RemoteWebDriver.java:368)
at org.openqa.selenium.remote.RemoteWebDriver.findElement(RemoteWebDriver.java:362)
at org.openqa.selenium.support.pagefactory.DefaultElementLocator.findElement(DefaultElementLocator.java:68)
at org.openqa.selenium.support.pagefactory.internal.LocatingElementHandler.invoke(LocatingElementHandler.java:38)
at jdk.proxy2/jdk.proxy2.$Proxy19.isDisplayed(Unknown Source)
at Pages.menuitems.welcomemsg(menuitems.java:39)
at Test.TC_008_MenuitemsTC.loginexecution(TC_008_MenuitemsTC.java:28)
at java.base/jdk.internal.reflect.DirectMethodHandleAccessor.invoke(DirectMethodHandleAccessor.java:103)
at java.base/java.lang.reflect.Method.invoke(Method.java:580)
at org.testng.internal.invokers.MethodInvocationHelper.invokeMethod(MethodInvocationHelper.java:141)
at org.testng.internal.invokers.TestInvoker.invokeMethod(TestInvoker.java:687)
at org.testng.internal.invokers.TestInvoker.invokeTestMethod(TestInvoker.java:230)
at org.testng.internal.invokers.MethodRunner.runInSequence(MethodRunner.java:63)
at org.testng.internal.invokers.TestInvoker$MethodInvocationAgent.invoke(TestInvoker.java:995)
at org.testng.internal.invokers.TestInvoker.invokeTestMethods(TestInvoker.java:203)
at org.testng.internal.invokers.TestMethodWorker.invokeTestMethods(TestMethodWorker.java:154)
at org.testng.internal.invokers.TestMethodWorker.run(TestMethodWorker.java:134)
at java.base/java.util.ArrayList.forEach(ArrayList.java:1597)
at org.testng.TestRunner.privateRun(TestRunner.java:741)
at org.testng.TestRunner.run(TestRunner.java:616)
at org.testng.SuiteRunner.runTest(SuiteRunner.java:421)
at org.testng.SuiteRunner.runSequentially(SuiteRunner.java:413)
at org.testng.SuiteRunner.privateRun(SuiteRunner.java:373)
at org.testng.SuiteRunner.run(SuiteRunner.java:312)
at org.testng.SuiteRunnerWorker.runSuite(SuiteRunnerWorker.java:52)
at org.testng.SuiteRunnerWorker.run(SuiteRunnerWorker.java:95)
at org.testng.TestNG.runSuitesSequentially(TestNG.java:1274)
at org.testng.TestNG.runSuitesLocally(TestNG.java:1208)
at org.testng.TestNG.runSuites(TestNG.java:1112)
at org.testng.TestNG.run(TestNG.java:1079)
at org.testng.remote.AbstractRemoteTestNG.run(AbstractRemoteTestNG.java:115)
at org.testng.remote.RemoteTestNG.initAndRun(RemoteTestNG.java:293)
at org.testng.remote.RemoteTestNG.main(RemoteTestNG.java:91)
]]>
            </full-stacktrace>
          </exception> <!-- org.openqa.selenium.NoSuchElementException -->
          <reporter-output>
          </reporter-output>
        </test-method> <!-- loginexecution -->
        <test-method is-config="true" signature="myBrowserClose()[pri:0, instance:Test.TC_008_MenuitemsTC@120f102b]" started-at="2025-04-29T21:12:24 IST" name="myBrowserClose" finished-at="2025-04-29T21:12:24 IST" duration-ms="180" status="PASS">
          <reporter-output>
          </reporter-output>
        </test-method> <!-- myBrowserClose -->
      </class> <!-- Test.TC_008_MenuitemsTC -->
      <class name="Test.TC_006_BookingConfirmationtc">
        <test-method is-config="true" signature="valuesetup()[pri:0, instance:Test.TC_006_BookingConfirmationtc@272ed83b]" started-at="2025-04-29T21:05:06 IST" name="valuesetup" finished-at="2025-04-29T21:05:06 IST" duration-ms="1" status="PASS">
          <reporter-output>
          </reporter-output>
        </test-method> <!-- valuesetup -->
        <test-method is-config="true" signature="testDetails()[pri:0, instance:Test.TC_006_BookingConfirmationtc@272ed83b]" started-at="2025-04-29T21:07:31 IST" name="testDetails" finished-at="2025-04-29T21:07:31 IST" duration-ms="6" status="PASS">
          <reporter-output>
          </reporter-output>
        </test-method> <!-- testDetails -->
        <test-method is-config="true" signature="myBrowserLaunch()[pri:0, instance:Test.TC_006_BookingConfirmationtc@272ed83b]" started-at="2025-04-29T21:07:31 IST" name="myBrowserLaunch" finished-at="2025-04-29T21:07:35 IST" duration-ms="4100" status="PASS">
          <reporter-output>
          </reporter-output>
        </test-method> <!-- myBrowserLaunch -->
        <test-method signature="selectHotelExecution(java.lang.String,java.lang.String,java.lang.String,java.lang.String,java.lang.String,java.lang.String,java.lang.String,java.lang.String,java.lang.String,java.lang.String,java.lang.String,java.lang.String,java.lang.String,java.lang.String,java.lang.String,java.lang.String,java.lang.String,java.lang.String,java.lang.String,java.lang.String,java.lang.String)[pri:0, instance:Test.TC_006_BookingConfirmationtc@272ed83b]" started-at="2025-04-29T21:07:35 IST" name="selectHotelExecution" data-provider="readexceldata" finished-at="2025-04-29T21:07:59 IST" duration-ms="23795" status="PASS">
          <params>
            <param index="0">
              <value>
                <![CDATA[HemavathyAravind]]>
              </value>
            </param>
            <param index="1">
              <value>
                <![CDATA[Test@123]]>
              </value>
            </param>
            <param index="2">
              <value>
                <![CDATA[Sydney]]>
              </value>
            </param>
            <param index="3">
              <value>
                <![CDATA[Hotel Creek]]>
              </value>
            </param>
            <param index="4">
              <value>
                <![CDATA[Standard]]>
              </value>
            </param>
            <param index="5">
              <value>
                <![CDATA[1 - One]]>
              </value>
            </param>
            <param index="6">
              <value>
                <![CDATA[25/04/2025]]>
              </value>
            </param>
            <param index="7">
              <value>
                <![CDATA[26/04/2025]]>
              </value>
            </param>
            <param index="8">
              <value>
                <![CDATA[1 - One]]>
              </value>
            </param>
            <param index="9">
              <value>
                <![CDATA[1 - One]]>
              </value>
            </param>
            <param index="10">
              <value>
                <![CDATA[//input[@id='radiobutton_0']]]>
              </value>
            </param>
            <param index="11">
              <value>
                <![CDATA[Hemavathy]]>
              </value>
            </param>
            <param index="12">
              <value>
                <![CDATA[Rajendran]]>
              </value>
            </param>
            <param index="13">
              <value>
                <![CDATA[No:123, crossstreet,trichy.]]>
              </value>
            </param>
            <param index="14">
              <value>
                <![CDATA[1234567890123456]]>
              </value>
            </param>
            <param index="15">
              <value>
                <![CDATA[VISA]]>
              </value>
            </param>
            <param index="16">
              <value>
                <![CDATA[Jan]]>
              </value>
            </param>
            <param index="17">
              <value>
                <![CDATA[2026]]>
              </value>
            </param>
            <param index="18">
              <value>
                <![CDATA[123]]>
              </value>
            </param>
            <param index="19">
              <value>
                <![CDATA[Valid scenario]]>
              </value>
            </param>
            <param index="20">
              <value>
                <![CDATA[Hotelbooked]]>
              </value>
            </param>
          </params>
          <reporter-output>
          </reporter-output>
        </test-method> <!-- selectHotelExecution -->
        <test-method is-config="true" signature="myBrowserClose()[pri:0, instance:Test.TC_006_BookingConfirmationtc@272ed83b]" started-at="2025-04-29T21:07:59 IST" name="myBrowserClose" finished-at="2025-04-29T21:07:59 IST" duration-ms="242" status="PASS">
          <reporter-output>
          </reporter-output>
        </test-method> <!-- myBrowserClose -->
        <test-method is-config="true" signature="myBrowserLaunch()[pri:0, instance:Test.TC_006_BookingConfirmationtc@272ed83b]" started-at="2025-04-29T21:07:59 IST" name="myBrowserLaunch" finished-at="2025-04-29T21:08:03 IST" duration-ms="3775" status="PASS">
          <reporter-output>
          </reporter-output>
        </test-method> <!-- myBrowserLaunch -->
        <test-method signature="selectHotelExecution(java.lang.String,java.lang.String,java.lang.String,java.lang.String,java.lang.String,java.lang.String,java.lang.String,java.lang.String,java.lang.String,java.lang.String,java.lang.String,java.lang.String,java.lang.String,java.lang.String,java.lang.String,java.lang.String,java.lang.String,java.lang.String,java.lang.String,java.lang.String,java.lang.String)[pri:0, instance:Test.TC_006_BookingConfirmationtc@272ed83b]" started-at="2025-04-29T21:08:03 IST" name="selectHotelExecution" data-provider="readexceldata" finished-at="2025-04-29T21:08:35 IST" duration-ms="32610" status="FAIL">
          <params>
            <param index="0">
              <value>
                <![CDATA[HemavathyAravind]]>
              </value>
            </param>
            <param index="1">
              <value>
                <![CDATA[Test@123]]>
              </value>
            </param>
            <param index="2">
              <value>
                <![CDATA[]]>
              </value>
            </param>
            <param index="3">
              <value>
                <![CDATA[Hotel Hervey]]>
              </value>
            </param>
            <param index="4">
              <value>
                <![CDATA[Deluxe]]>
              </value>
            </param>
            <param index="5">
              <value>
                <![CDATA[3 - Three]]>
              </value>
            </param>
            <param index="6">
              <value>
                <![CDATA[25/04/2025]]>
              </value>
            </param>
            <param index="7">
              <value>
                <![CDATA[29/04/2025]]>
              </value>
            </param>
            <param index="8">
              <value>
                <![CDATA[3 - Three]]>
              </value>
            </param>
            <param index="9">
              <value>
                <![CDATA[1 - One]]>
              </value>
            </param>
            <param index="10">
              <value>
                <![CDATA[//input[@id='radiobutton_0']]]>
              </value>
            </param>
            <param index="11">
              <value>
                <![CDATA[Hemavathy]]>
              </value>
            </param>
            <param index="12">
              <value>
                <![CDATA[Rajendran]]>
              </value>
            </param>
            <param index="13">
              <value>
                <![CDATA[No:123, crossstreet,trichy.]]>
              </value>
            </param>
            <param index="14">
              <value>
                <![CDATA[1234567890123456]]>
              </value>
            </param>
            <param index="15">
              <value>
                <![CDATA[VISA]]>
              </value>
            </param>
            <param index="16">
              <value>
                <![CDATA[Jan]]>
              </value>
            </param>
            <param index="17">
              <value>
                <![CDATA[2026]]>
              </value>
            </param>
            <param index="18">
              <value>
                <![CDATA[244]]>
              </value>
            </param>
            <param index="19">
              <value>
                <![CDATA[InValid scenario]]>
              </value>
            </param>
            <param index="20">
              <value>
                <![CDATA[Hotelnotbooked]]>
              </value>
            </param>
          </params>
          <exception class="org.openqa.selenium.NoSuchElementException">
            <message>
              <![CDATA[no such element: Unable to locate element: {"method":"xpath","selector":"//input[@id='radiobutton_0']"}
  (Session info: chrome=135.0.7049.115)
For documentation on this error, please visit: https://www.selenium.dev/documentation/webdriver/troubleshooting/errors#no-such-element-exception
Build info: version: '4.31.0', revision: '1ef9f18787*'
System info: os.name: 'Windows 11', os.arch: 'amd64', os.version: '10.0', java.version: '22.0.1'
Driver info: org.openqa.selenium.chrome.ChromeDriver
Command: [05dafe3d4201fcde9d3d1fdac4a8fa1c, findElement {value=//input[@id='radiobutton_0'], using=xpath}]
Capabilities {acceptInsecureCerts: false, browserName: chrome, browserVersion: 135.0.7049.115, chrome: {chromedriverVersion: 135.0.7049.114 (63fd8a7d9d0..., userDataDir: C:\Users\ACER\AppData\Local...}, fedcm:accounts: true, goog:chromeOptions: {debuggerAddress: localhost:53270}, networkConnectionEnabled: false, pageLoadStrategy: normal, platformName: windows, proxy: Proxy(), se:cdp: ws://localhost:53270/devtoo..., se:cdpVersion: 135.0.7049.115, setWindowRect: true, strictFileInteractability: false, timeouts: {implicit: 0, pageLoad: 300000, script: 30000}, unhandledPromptBehavior: dismiss and notify, webauthn:extension:credBlob: true, webauthn:extension:largeBlob: true, webauthn:extension:minPinLength: true, webauthn:extension:prf: true, webauthn:virtualAuthenticators: true}
Session ID: 05dafe3d4201fcde9d3d1fdac4a8fa1c]]>
            </message>
            <full-stacktrace>
              <![CDATA[org.openqa.selenium.NoSuchElementException: no such element: Unable to locate element: {"method":"xpath","selector":"//input[@id='radiobutton_0']"}
  (Session info: chrome=135.0.7049.115)
For documentation on this error, please visit: https://www.selenium.dev/documentation/webdriver/troubleshooting/errors#no-such-element-exception
Build info: version: '4.31.0', revision: '1ef9f18787*'
System info: os.name: 'Windows 11', os.arch: 'amd64', os.version: '10.0', java.version: '22.0.1'
Driver info: org.openqa.selenium.chrome.ChromeDriver
Command: [05dafe3d4201fcde9d3d1fdac4a8fa1c, findElement {value=//input[@id='radiobutton_0'], using=xpath}]
Capabilities {acceptInsecureCerts: false, browserName: chrome, browserVersion: 135.0.7049.115, chrome: {chromedriverVersion: 135.0.7049.114 (63fd8a7d9d0..., userDataDir: C:\Users\ACER\AppData\Local...}, fedcm:accounts: true, goog:chromeOptions: {debuggerAddress: localhost:53270}, networkConnectionEnabled: false, pageLoadStrategy: normal, platformName: windows, proxy: Proxy(), se:cdp: ws://localhost:53270/devtoo..., se:cdpVersion: 135.0.7049.115, setWindowRect: true, strictFileInteractability: false, timeouts: {implicit: 0, pageLoad: 300000, script: 30000}, unhandledPromptBehavior: dismiss and notify, webauthn:extension:credBlob: true, webauthn:extension:largeBlob: true, webauthn:extension:minPinLength: true, webauthn:extension:prf: true, webauthn:virtualAuthenticators: true}
Session ID: 05dafe3d4201fcde9d3d1fdac4a8fa1c
at java.base/jdk.internal.reflect.DirectConstructorHandleAccessor.newInstance(DirectConstructorHandleAccessor.java:62)
at java.base/java.lang.reflect.Constructor.newInstanceWithCaller(Constructor.java:502)
at java.base/java.lang.reflect.Constructor.newInstance(Constructor.java:486)
at org.openqa.selenium.remote.ErrorCodec.decode(ErrorCodec.java:167)
at org.openqa.selenium.remote.codec.w3c.W3CHttpResponseCodec.decode(W3CHttpResponseCodec.java:138)
at org.openqa.selenium.remote.codec.w3c.W3CHttpResponseCodec.decode(W3CHttpResponseCodec.java:50)
at org.openqa.selenium.remote.HttpCommandExecutor.execute(HttpCommandExecutor.java:215)
at org.openqa.selenium.remote.service.DriverCommandExecutor.invokeExecute(DriverCommandExecutor.java:216)
at org.openqa.selenium.remote.service.DriverCommandExecutor.execute(DriverCommandExecutor.java:174)
at org.openqa.selenium.remote.RemoteWebDriver.execute(RemoteWebDriver.java:545)
at org.openqa.selenium.remote.ElementLocation$ElementFinder$2.findElement(ElementLocation.java:165)
at org.openqa.selenium.remote.ElementLocation.findElement(ElementLocation.java:59)
at org.openqa.selenium.remote.RemoteWebDriver.findElement(RemoteWebDriver.java:368)
at org.openqa.selenium.remote.RemoteWebDriver.findElement(RemoteWebDriver.java:362)
at Pages.selectHotel.selectinghotel(selectHotel.java:66)
at Test.TC_006_BookingConfirmationtc.selectHotelExecution(TC_006_BookingConfirmationtc.java:34)
at java.base/jdk.internal.reflect.DirectMethodHandleAccessor.invoke(DirectMethodHandleAccessor.java:103)
at java.base/java.lang.reflect.Method.invoke(Method.java:580)
at org.testng.internal.invokers.MethodInvocationHelper.invokeMethod(MethodInvocationHelper.java:141)
at org.testng.internal.invokers.TestInvoker.invokeMethod(TestInvoker.java:687)
at org.testng.internal.invokers.TestInvoker.invokeTestMethod(TestInvoker.java:230)
at org.testng.internal.invokers.MethodRunner.runInSequence(MethodRunner.java:63)
at org.testng.internal.invokers.TestInvoker$MethodInvocationAgent.invoke(TestInvoker.java:995)
at org.testng.internal.invokers.TestInvoker.invokeTestMethods(TestInvoker.java:203)
at org.testng.internal.invokers.TestMethodWorker.invokeTestMethods(TestMethodWorker.java:154)
at org.testng.internal.invokers.TestMethodWorker.run(TestMethodWorker.java:134)
at java.base/java.util.ArrayList.forEach(ArrayList.java:1597)
at org.testng.TestRunner.privateRun(TestRunner.java:741)
at org.testng.TestRunner.run(TestRunner.java:616)
at org.testng.SuiteRunner.runTest(SuiteRunner.java:421)
at org.testng.SuiteRunner.runSequentially(SuiteRunner.java:413)
at org.testng.SuiteRunner.privateRun(SuiteRunner.java:373)
at org.testng.SuiteRunner.run(SuiteRunner.java:312)
at org.testng.SuiteRunnerWorker.runSuite(SuiteRunnerWorker.java:52)
at org.testng.SuiteRunnerWorker.run(SuiteRunnerWorker.java:95)
at org.testng.TestNG.runSuitesSequentially(TestNG.java:1274)
at org.testng.TestNG.runSuitesLocally(TestNG.java:1208)
at org.testng.TestNG.runSuites(TestNG.java:1112)
at org.testng.TestNG.run(TestNG.java:1079)
at org.testng.remote.AbstractRemoteTestNG.run(AbstractRemoteTestNG.java:115)
at org.testng.remote.RemoteTestNG.initAndRun(RemoteTestNG.java:293)
at org.testng.remote.RemoteTestNG.main(RemoteTestNG.java:91)
]]>
            </full-stacktrace>
          </exception> <!-- org.openqa.selenium.NoSuchElementException -->
          <reporter-output>
          </reporter-output>
        </test-method> <!-- selectHotelExecution -->
        <test-method is-config="true" signature="myBrowserClose()[pri:0, instance:Test.TC_006_BookingConfirmationtc@272ed83b]" started-at="2025-04-29T21:08:36 IST" name="myBrowserClose" finished-at="2025-04-29T21:08:36 IST" duration-ms="196" status="PASS">
          <reporter-output>
          </reporter-output>
        </test-method> <!-- myBrowserClose -->
        <test-method is-config="true" signature="myBrowserLaunch()[pri:0, instance:Test.TC_006_BookingConfirmationtc@272ed83b]" started-at="2025-04-29T21:08:36 IST" name="myBrowserLaunch" finished-at="2025-04-29T21:08:40 IST" duration-ms="4064" status="PASS">
          <reporter-output>
          </reporter-output>
        </test-method> <!-- myBrowserLaunch -->
        <test-method signature="selectHotelExecution(java.lang.String,java.lang.String,java.lang.String,java.lang.String,java.lang.String,java.lang.String,java.lang.String,java.lang.String,java.lang.String,java.lang.String,java.lang.String,java.lang.String,java.lang.String,java.lang.String,java.lang.String,java.lang.String,java.lang.String,java.lang.String,java.lang.String,java.lang.String,java.lang.String)[pri:0, instance:Test.TC_006_BookingConfirmationtc@272ed83b]" started-at="2025-04-29T21:08:40 IST" name="selectHotelExecution" data-provider="readexceldata" finished-at="2025-04-29T21:09:19 IST" duration-ms="39496" status="FAIL">
          <params>
            <param index="0">
              <value>
                <![CDATA[HemavathyAravind]]>
              </value>
            </param>
            <param index="1">
              <value>
                <![CDATA[Test@123]]>
              </value>
            </param>
            <param index="2">
              <value>
                <![CDATA[Sydney]]>
              </value>
            </param>
            <param index="3">
              <value>
                <![CDATA[Hotel Creek]]>
              </value>
            </param>
            <param index="4">
              <value>
                <![CDATA[Standard]]>
              </value>
            </param>
            <param index="5">
              <value>
                <![CDATA[1 - One]]>
              </value>
            </param>
            <param index="6">
              <value>
                <![CDATA[25/04/2025]]>
              </value>
            </param>
            <param index="7">
              <value>
                <![CDATA[26/04/2025]]>
              </value>
            </param>
            <param index="8">
              <value>
                <![CDATA[1 - One]]>
              </value>
            </param>
            <param index="9">
              <value>
                <![CDATA[1 - One]]>
              </value>
            </param>
            <param index="10">
              <value>
                <![CDATA[//input[@id='radiobutton_0']]]>
              </value>
            </param>
            <param index="11">
              <value>
                <![CDATA[]]>
              </value>
            </param>
            <param index="12">
              <value>
                <![CDATA[]]>
              </value>
            </param>
            <param index="13">
              <value>
                <![CDATA[]]>
              </value>
            </param>
            <param index="14">
              <value>
                <![CDATA[]]>
              </value>
            </param>
            <param index="15">
              <value>
                <![CDATA[]]>
              </value>
            </param>
            <param index="16">
              <value>
                <![CDATA[]]>
              </value>
            </param>
            <param index="17">
              <value>
                <![CDATA[]]>
              </value>
            </param>
            <param index="18">
              <value>
                <![CDATA[]]>
              </value>
            </param>
            <param index="19">
              <value>
                <![CDATA[InValid scenario]]>
              </value>
            </param>
            <param index="20">
              <value>
                <![CDATA[Hotelbooked]]>
              </value>
            </param>
          </params>
          <exception class="org.openqa.selenium.NoSuchElementException">
            <message>
              <![CDATA[no such element: Unable to locate element: {"method":"css selector","selector":"#my_itinerary"}
  (Session info: chrome=135.0.7049.115)
For documentation on this error, please visit: https://www.selenium.dev/documentation/webdriver/troubleshooting/errors#no-such-element-exception
Build info: version: '4.31.0', revision: '1ef9f18787*'
System info: os.name: 'Windows 11', os.arch: 'amd64', os.version: '10.0', java.version: '22.0.1'
Driver info: org.openqa.selenium.chrome.ChromeDriver
Command: [decb78f8bc4102220d2a0dd32aa8ca34, findElement {value=my_itinerary, using=id}]
Capabilities {acceptInsecureCerts: false, browserName: chrome, browserVersion: 135.0.7049.115, chrome: {chromedriverVersion: 135.0.7049.114 (63fd8a7d9d0..., userDataDir: C:\Users\ACER\AppData\Local...}, fedcm:accounts: true, goog:chromeOptions: {debuggerAddress: localhost:53352}, networkConnectionEnabled: false, pageLoadStrategy: normal, platformName: windows, proxy: Proxy(), se:cdp: ws://localhost:53352/devtoo..., se:cdpVersion: 135.0.7049.115, setWindowRect: true, strictFileInteractability: false, timeouts: {implicit: 0, pageLoad: 300000, script: 30000}, unhandledPromptBehavior: dismiss and notify, webauthn:extension:credBlob: true, webauthn:extension:largeBlob: true, webauthn:extension:minPinLength: true, webauthn:extension:prf: true, webauthn:virtualAuthenticators: true}
Session ID: decb78f8bc4102220d2a0dd32aa8ca34]]>
            </message>
            <full-stacktrace>
              <![CDATA[org.openqa.selenium.NoSuchElementException: no such element: Unable to locate element: {"method":"css selector","selector":"#my_itinerary"}
  (Session info: chrome=135.0.7049.115)
For documentation on this error, please visit: https://www.selenium.dev/documentation/webdriver/troubleshooting/errors#no-such-element-exception
Build info: version: '4.31.0', revision: '1ef9f18787*'
System info: os.name: 'Windows 11', os.arch: 'amd64', os.version: '10.0', java.version: '22.0.1'
Driver info: org.openqa.selenium.chrome.ChromeDriver
Command: [decb78f8bc4102220d2a0dd32aa8ca34, findElement {value=my_itinerary, using=id}]
Capabilities {acceptInsecureCerts: false, browserName: chrome, browserVersion: 135.0.7049.115, chrome: {chromedriverVersion: 135.0.7049.114 (63fd8a7d9d0..., userDataDir: C:\Users\ACER\AppData\Local...}, fedcm:accounts: true, goog:chromeOptions: {debuggerAddress: localhost:53352}, networkConnectionEnabled: false, pageLoadStrategy: normal, platformName: windows, proxy: Proxy(), se:cdp: ws://localhost:53352/devtoo..., se:cdpVersion: 135.0.7049.115, setWindowRect: true, strictFileInteractability: false, timeouts: {implicit: 0, pageLoad: 300000, script: 30000}, unhandledPromptBehavior: dismiss and notify, webauthn:extension:credBlob: true, webauthn:extension:largeBlob: true, webauthn:extension:minPinLength: true, webauthn:extension:prf: true, webauthn:virtualAuthenticators: true}
Session ID: decb78f8bc4102220d2a0dd32aa8ca34
at java.base/jdk.internal.reflect.DirectConstructorHandleAccessor.newInstance(DirectConstructorHandleAccessor.java:62)
at java.base/java.lang.reflect.Constructor.newInstanceWithCaller(Constructor.java:502)
at java.base/java.lang.reflect.Constructor.newInstance(Constructor.java:486)
at org.openqa.selenium.remote.ErrorCodec.decode(ErrorCodec.java:167)
at org.openqa.selenium.remote.codec.w3c.W3CHttpResponseCodec.decode(W3CHttpResponseCodec.java:138)
at org.openqa.selenium.remote.codec.w3c.W3CHttpResponseCodec.decode(W3CHttpResponseCodec.java:50)
at org.openqa.selenium.remote.HttpCommandExecutor.execute(HttpCommandExecutor.java:215)
at org.openqa.selenium.remote.service.DriverCommandExecutor.invokeExecute(DriverCommandExecutor.java:216)
at org.openqa.selenium.remote.service.DriverCommandExecutor.execute(DriverCommandExecutor.java:174)
at org.openqa.selenium.remote.RemoteWebDriver.execute(RemoteWebDriver.java:545)
at org.openqa.selenium.remote.ElementLocation$ElementFinder$2.findElement(ElementLocation.java:165)
at org.openqa.selenium.remote.ElementLocation.findElement(ElementLocation.java:59)
at org.openqa.selenium.remote.RemoteWebDriver.findElement(RemoteWebDriver.java:368)
at org.openqa.selenium.remote.RemoteWebDriver.findElement(RemoteWebDriver.java:362)
at org.openqa.selenium.support.pagefactory.DefaultElementLocator.findElement(DefaultElementLocator.java:68)
at org.openqa.selenium.support.pagefactory.internal.LocatingElementHandler.invoke(LocatingElementHandler.java:38)
at jdk.proxy2/jdk.proxy2.$Proxy19.click(Unknown Source)
at Pages.bookingConfirmation.clickingonmyitinerary(bookingConfirmation.java:26)
at Test.TC_006_BookingConfirmationtc.selectHotelExecution(TC_006_BookingConfirmationtc.java:38)
at java.base/jdk.internal.reflect.DirectMethodHandleAccessor.invoke(DirectMethodHandleAccessor.java:103)
at java.base/java.lang.reflect.Method.invoke(Method.java:580)
at org.testng.internal.invokers.MethodInvocationHelper.invokeMethod(MethodInvocationHelper.java:141)
at org.testng.internal.invokers.TestInvoker.invokeMethod(TestInvoker.java:687)
at org.testng.internal.invokers.TestInvoker.invokeTestMethod(TestInvoker.java:230)
at org.testng.internal.invokers.MethodRunner.runInSequence(MethodRunner.java:63)
at org.testng.internal.invokers.TestInvoker$MethodInvocationAgent.invoke(TestInvoker.java:995)
at org.testng.internal.invokers.TestInvoker.invokeTestMethods(TestInvoker.java:203)
at org.testng.internal.invokers.TestMethodWorker.invokeTestMethods(TestMethodWorker.java:154)
at org.testng.internal.invokers.TestMethodWorker.run(TestMethodWorker.java:134)
at java.base/java.util.ArrayList.forEach(ArrayList.java:1597)
at org.testng.TestRunner.privateRun(TestRunner.java:741)
at org.testng.TestRunner.run(TestRunner.java:616)
at org.testng.SuiteRunner.runTest(SuiteRunner.java:421)
at org.testng.SuiteRunner.runSequentially(SuiteRunner.java:413)
at org.testng.SuiteRunner.privateRun(SuiteRunner.java:373)
at org.testng.SuiteRunner.run(SuiteRunner.java:312)
at org.testng.SuiteRunnerWorker.runSuite(SuiteRunnerWorker.java:52)
at org.testng.SuiteRunnerWorker.run(SuiteRunnerWorker.java:95)
at org.testng.TestNG.runSuitesSequentially(TestNG.java:1274)
at org.testng.TestNG.runSuitesLocally(TestNG.java:1208)
at org.testng.TestNG.runSuites(TestNG.java:1112)
at org.testng.TestNG.run(TestNG.java:1079)
at org.testng.remote.AbstractRemoteTestNG.run(AbstractRemoteTestNG.java:115)
at org.testng.remote.RemoteTestNG.initAndRun(RemoteTestNG.java:293)
at org.testng.remote.RemoteTestNG.main(RemoteTestNG.java:91)
]]>
            </full-stacktrace>
          </exception> <!-- org.openqa.selenium.NoSuchElementException -->
          <reporter-output>
          </reporter-output>
        </test-method> <!-- selectHotelExecution -->
        <test-method is-config="true" signature="myBrowserClose()[pri:0, instance:Test.TC_006_BookingConfirmationtc@272ed83b]" started-at="2025-04-29T21:09:20 IST" name="myBrowserClose" finished-at="2025-04-29T21:09:20 IST" duration-ms="256" status="PASS">
          <reporter-output>
          </reporter-output>
        </test-method> <!-- myBrowserClose -->
      </class> <!-- Test.TC_006_BookingConfirmationtc -->
      <class name="Test.TC_005_BookHotelTC">
        <test-method is-config="true" signature="valuesetup()[pri:0, instance:Test.TC_005_BookHotelTC@732c2a62]" started-at="2025-04-29T21:05:06 IST" name="valuesetup" finished-at="2025-04-29T21:05:06 IST" duration-ms="0" status="PASS">
          <reporter-output>
          </reporter-output>
        </test-method> <!-- valuesetup -->
        <test-method is-config="true" signature="testDetails()[pri:0, instance:Test.TC_005_BookHotelTC@732c2a62]" started-at="2025-04-29T21:06:26 IST" name="testDetails" finished-at="2025-04-29T21:06:26 IST" duration-ms="2" status="PASS">
          <reporter-output>
          </reporter-output>
        </test-method> <!-- testDetails -->
        <test-method is-config="true" signature="myBrowserLaunch()[pri:0, instance:Test.TC_005_BookHotelTC@732c2a62]" started-at="2025-04-29T21:06:26 IST" name="myBrowserLaunch" finished-at="2025-04-29T21:06:29 IST" duration-ms="2753" status="PASS">
          <reporter-output>
          </reporter-output>
        </test-method> <!-- myBrowserLaunch -->
        <test-method signature="selectHotelExecution(java.lang.String,java.lang.String,java.lang.String,java.lang.String,java.lang.String,java.lang.String,java.lang.String,java.lang.String,java.lang.String,java.lang.String,java.lang.String,java.lang.String,java.lang.String,java.lang.String,java.lang.String,java.lang.String,java.lang.String,java.lang.String,java.lang.String,java.lang.String,java.lang.String)[pri:0, instance:Test.TC_005_BookHotelTC@732c2a62]" started-at="2025-04-29T21:06:29 IST" name="selectHotelExecution" data-provider="readexceldata" finished-at="2025-04-29T21:06:40 IST" duration-ms="10818" status="PASS">
          <params>
            <param index="0">
              <value>
                <![CDATA[HemavathyAravind]]>
              </value>
            </param>
            <param index="1">
              <value>
                <![CDATA[Test@123]]>
              </value>
            </param>
            <param index="2">
              <value>
                <![CDATA[Sydney]]>
              </value>
            </param>
            <param index="3">
              <value>
                <![CDATA[Hotel Creek]]>
              </value>
            </param>
            <param index="4">
              <value>
                <![CDATA[Standard]]>
              </value>
            </param>
            <param index="5">
              <value>
                <![CDATA[1 - One]]>
              </value>
            </param>
            <param index="6">
              <value>
                <![CDATA[25/04/2025]]>
              </value>
            </param>
            <param index="7">
              <value>
                <![CDATA[26/04/2025]]>
              </value>
            </param>
            <param index="8">
              <value>
                <![CDATA[1 - One]]>
              </value>
            </param>
            <param index="9">
              <value>
                <![CDATA[1 - One]]>
              </value>
            </param>
            <param index="10">
              <value>
                <![CDATA[//input[@id='radiobutton_0']]]>
              </value>
            </param>
            <param index="11">
              <value>
                <![CDATA[Hemavathy]]>
              </value>
            </param>
            <param index="12">
              <value>
                <![CDATA[Rajendran]]>
              </value>
            </param>
            <param index="13">
              <value>
                <![CDATA[No:123, crossstreet,trichy.]]>
              </value>
            </param>
            <param index="14">
              <value>
                <![CDATA[1234567890123456]]>
              </value>
            </param>
            <param index="15">
              <value>
                <![CDATA[VISA]]>
              </value>
            </param>
            <param index="16">
              <value>
                <![CDATA[Jan]]>
              </value>
            </param>
            <param index="17">
              <value>
                <![CDATA[2026]]>
              </value>
            </param>
            <param index="18">
              <value>
                <![CDATA[123]]>
              </value>
            </param>
            <param index="19">
              <value>
                <![CDATA[Valid scenario]]>
              </value>
            </param>
            <param index="20">
              <value>
                <![CDATA[Hotelbooked]]>
              </value>
            </param>
          </params>
          <reporter-output>
          </reporter-output>
        </test-method> <!-- selectHotelExecution -->
        <test-method is-config="true" signature="myBrowserClose()[pri:0, instance:Test.TC_005_BookHotelTC@732c2a62]" started-at="2025-04-29T21:06:40 IST" name="myBrowserClose" finished-at="2025-04-29T21:06:40 IST" duration-ms="235" status="PASS">
          <reporter-output>
          </reporter-output>
        </test-method> <!-- myBrowserClose -->
        <test-method is-config="true" signature="myBrowserLaunch()[pri:0, instance:Test.TC_005_BookHotelTC@732c2a62]" started-at="2025-04-29T21:06:40 IST" name="myBrowserLaunch" finished-at="2025-04-29T21:06:43 IST" duration-ms="2860" status="PASS">
          <reporter-output>
          </reporter-output>
        </test-method> <!-- myBrowserLaunch -->
        <test-method signature="selectHotelExecution(java.lang.String,java.lang.String,java.lang.String,java.lang.String,java.lang.String,java.lang.String,java.lang.String,java.lang.String,java.lang.String,java.lang.String,java.lang.String,java.lang.String,java.lang.String,java.lang.String,java.lang.String,java.lang.String,java.lang.String,java.lang.String,java.lang.String,java.lang.String,java.lang.String)[pri:0, instance:Test.TC_005_BookHotelTC@732c2a62]" started-at="2025-04-29T21:06:43 IST" name="selectHotelExecution" data-provider="readexceldata" finished-at="2025-04-29T21:07:15 IST" duration-ms="32368" status="FAIL">
          <params>
            <param index="0">
              <value>
                <![CDATA[HemavathyAravind]]>
              </value>
            </param>
            <param index="1">
              <value>
                <![CDATA[Test@123]]>
              </value>
            </param>
            <param index="2">
              <value>
                <![CDATA[]]>
              </value>
            </param>
            <param index="3">
              <value>
                <![CDATA[Hotel Hervey]]>
              </value>
            </param>
            <param index="4">
              <value>
                <![CDATA[Deluxe]]>
              </value>
            </param>
            <param index="5">
              <value>
                <![CDATA[3 - Three]]>
              </value>
            </param>
            <param index="6">
              <value>
                <![CDATA[25/04/2025]]>
              </value>
            </param>
            <param index="7">
              <value>
                <![CDATA[29/04/2025]]>
              </value>
            </param>
            <param index="8">
              <value>
                <![CDATA[3 - Three]]>
              </value>
            </param>
            <param index="9">
              <value>
                <![CDATA[1 - One]]>
              </value>
            </param>
            <param index="10">
              <value>
                <![CDATA[//input[@id='radiobutton_0']]]>
              </value>
            </param>
            <param index="11">
              <value>
                <![CDATA[Hemavathy]]>
              </value>
            </param>
            <param index="12">
              <value>
                <![CDATA[Rajendran]]>
              </value>
            </param>
            <param index="13">
              <value>
                <![CDATA[No:123, crossstreet,trichy.]]>
              </value>
            </param>
            <param index="14">
              <value>
                <![CDATA[1234567890123456]]>
              </value>
            </param>
            <param index="15">
              <value>
                <![CDATA[VISA]]>
              </value>
            </param>
            <param index="16">
              <value>
                <![CDATA[Jan]]>
              </value>
            </param>
            <param index="17">
              <value>
                <![CDATA[2026]]>
              </value>
            </param>
            <param index="18">
              <value>
                <![CDATA[244]]>
              </value>
            </param>
            <param index="19">
              <value>
                <![CDATA[InValid scenario]]>
              </value>
            </param>
            <param index="20">
              <value>
                <![CDATA[Hotelnotbooked]]>
              </value>
            </param>
          </params>
          <exception class="org.openqa.selenium.NoSuchElementException">
            <message>
              <![CDATA[no such element: Unable to locate element: {"method":"xpath","selector":"//input[@id='radiobutton_0']"}
  (Session info: chrome=135.0.7049.115)
For documentation on this error, please visit: https://www.selenium.dev/documentation/webdriver/troubleshooting/errors#no-such-element-exception
Build info: version: '4.31.0', revision: '1ef9f18787*'
System info: os.name: 'Windows 11', os.arch: 'amd64', os.version: '10.0', java.version: '22.0.1'
Driver info: org.openqa.selenium.chrome.ChromeDriver
Command: [9f4edb08bf162a2000dd29ab0f1de619, findElement {value=//input[@id='radiobutton_0'], using=xpath}]
Capabilities {acceptInsecureCerts: false, browserName: chrome, browserVersion: 135.0.7049.115, chrome: {chromedriverVersion: 135.0.7049.114 (63fd8a7d9d0..., userDataDir: C:\Users\ACER\AppData\Local...}, fedcm:accounts: true, goog:chromeOptions: {debuggerAddress: localhost:53054}, networkConnectionEnabled: false, pageLoadStrategy: normal, platformName: windows, proxy: Proxy(), se:cdp: ws://localhost:53054/devtoo..., se:cdpVersion: 135.0.7049.115, setWindowRect: true, strictFileInteractability: false, timeouts: {implicit: 0, pageLoad: 300000, script: 30000}, unhandledPromptBehavior: dismiss and notify, webauthn:extension:credBlob: true, webauthn:extension:largeBlob: true, webauthn:extension:minPinLength: true, webauthn:extension:prf: true, webauthn:virtualAuthenticators: true}
Session ID: 9f4edb08bf162a2000dd29ab0f1de619]]>
            </message>
            <full-stacktrace>
              <![CDATA[org.openqa.selenium.NoSuchElementException: no such element: Unable to locate element: {"method":"xpath","selector":"//input[@id='radiobutton_0']"}
  (Session info: chrome=135.0.7049.115)
For documentation on this error, please visit: https://www.selenium.dev/documentation/webdriver/troubleshooting/errors#no-such-element-exception
Build info: version: '4.31.0', revision: '1ef9f18787*'
System info: os.name: 'Windows 11', os.arch: 'amd64', os.version: '10.0', java.version: '22.0.1'
Driver info: org.openqa.selenium.chrome.ChromeDriver
Command: [9f4edb08bf162a2000dd29ab0f1de619, findElement {value=//input[@id='radiobutton_0'], using=xpath}]
Capabilities {acceptInsecureCerts: false, browserName: chrome, browserVersion: 135.0.7049.115, chrome: {chromedriverVersion: 135.0.7049.114 (63fd8a7d9d0..., userDataDir: C:\Users\ACER\AppData\Local...}, fedcm:accounts: true, goog:chromeOptions: {debuggerAddress: localhost:53054}, networkConnectionEnabled: false, pageLoadStrategy: normal, platformName: windows, proxy: Proxy(), se:cdp: ws://localhost:53054/devtoo..., se:cdpVersion: 135.0.7049.115, setWindowRect: true, strictFileInteractability: false, timeouts: {implicit: 0, pageLoad: 300000, script: 30000}, unhandledPromptBehavior: dismiss and notify, webauthn:extension:credBlob: true, webauthn:extension:largeBlob: true, webauthn:extension:minPinLength: true, webauthn:extension:prf: true, webauthn:virtualAuthenticators: true}
Session ID: 9f4edb08bf162a2000dd29ab0f1de619
at java.base/jdk.internal.reflect.DirectConstructorHandleAccessor.newInstance(DirectConstructorHandleAccessor.java:62)
at java.base/java.lang.reflect.Constructor.newInstanceWithCaller(Constructor.java:502)
at java.base/java.lang.reflect.Constructor.newInstance(Constructor.java:486)
at org.openqa.selenium.remote.ErrorCodec.decode(ErrorCodec.java:167)
at org.openqa.selenium.remote.codec.w3c.W3CHttpResponseCodec.decode(W3CHttpResponseCodec.java:138)
at org.openqa.selenium.remote.codec.w3c.W3CHttpResponseCodec.decode(W3CHttpResponseCodec.java:50)
at org.openqa.selenium.remote.HttpCommandExecutor.execute(HttpCommandExecutor.java:215)
at org.openqa.selenium.remote.service.DriverCommandExecutor.invokeExecute(DriverCommandExecutor.java:216)
at org.openqa.selenium.remote.service.DriverCommandExecutor.execute(DriverCommandExecutor.java:174)
at org.openqa.selenium.remote.RemoteWebDriver.execute(RemoteWebDriver.java:545)
at org.openqa.selenium.remote.ElementLocation$ElementFinder$2.findElement(ElementLocation.java:165)
at org.openqa.selenium.remote.ElementLocation.findElement(ElementLocation.java:59)
at org.openqa.selenium.remote.RemoteWebDriver.findElement(RemoteWebDriver.java:368)
at org.openqa.selenium.remote.RemoteWebDriver.findElement(RemoteWebDriver.java:362)
at Pages.selectHotel.selectinghotel(selectHotel.java:66)
at Test.TC_005_BookHotelTC.selectHotelExecution(TC_005_BookHotelTC.java:35)
at java.base/jdk.internal.reflect.DirectMethodHandleAccessor.invoke(DirectMethodHandleAccessor.java:103)
at java.base/java.lang.reflect.Method.invoke(Method.java:580)
at org.testng.internal.invokers.MethodInvocationHelper.invokeMethod(MethodInvocationHelper.java:141)
at org.testng.internal.invokers.TestInvoker.invokeMethod(TestInvoker.java:687)
at org.testng.internal.invokers.TestInvoker.invokeTestMethod(TestInvoker.java:230)
at org.testng.internal.invokers.MethodRunner.runInSequence(MethodRunner.java:63)
at org.testng.internal.invokers.TestInvoker$MethodInvocationAgent.invoke(TestInvoker.java:995)
at org.testng.internal.invokers.TestInvoker.invokeTestMethods(TestInvoker.java:203)
at org.testng.internal.invokers.TestMethodWorker.invokeTestMethods(TestMethodWorker.java:154)
at org.testng.internal.invokers.TestMethodWorker.run(TestMethodWorker.java:134)
at java.base/java.util.ArrayList.forEach(ArrayList.java:1597)
at org.testng.TestRunner.privateRun(TestRunner.java:741)
at org.testng.TestRunner.run(TestRunner.java:616)
at org.testng.SuiteRunner.runTest(SuiteRunner.java:421)
at org.testng.SuiteRunner.runSequentially(SuiteRunner.java:413)
at org.testng.SuiteRunner.privateRun(SuiteRunner.java:373)
at org.testng.SuiteRunner.run(SuiteRunner.java:312)
at org.testng.SuiteRunnerWorker.runSuite(SuiteRunnerWorker.java:52)
at org.testng.SuiteRunnerWorker.run(SuiteRunnerWorker.java:95)
at org.testng.TestNG.runSuitesSequentially(TestNG.java:1274)
at org.testng.TestNG.runSuitesLocally(TestNG.java:1208)
at org.testng.TestNG.runSuites(TestNG.java:1112)
at org.testng.TestNG.run(TestNG.java:1079)
at org.testng.remote.AbstractRemoteTestNG.run(AbstractRemoteTestNG.java:115)
at org.testng.remote.RemoteTestNG.initAndRun(RemoteTestNG.java:293)
at org.testng.remote.RemoteTestNG.main(RemoteTestNG.java:91)
]]>
            </full-stacktrace>
          </exception> <!-- org.openqa.selenium.NoSuchElementException -->
          <reporter-output>
          </reporter-output>
        </test-method> <!-- selectHotelExecution -->
        <test-method is-config="true" signature="myBrowserClose()[pri:0, instance:Test.TC_005_BookHotelTC@732c2a62]" started-at="2025-04-29T21:07:15 IST" name="myBrowserClose" finished-at="2025-04-29T21:07:16 IST" duration-ms="166" status="PASS">
          <reporter-output>
          </reporter-output>
        </test-method> <!-- myBrowserClose -->
        <test-method is-config="true" signature="myBrowserLaunch()[pri:0, instance:Test.TC_005_BookHotelTC@732c2a62]" started-at="2025-04-29T21:07:16 IST" name="myBrowserLaunch" finished-at="2025-04-29T21:07:19 IST" duration-ms="3938" status="PASS">
          <reporter-output>
          </reporter-output>
        </test-method> <!-- myBrowserLaunch -->
        <test-method signature="selectHotelExecution(java.lang.String,java.lang.String,java.lang.String,java.lang.String,java.lang.String,java.lang.String,java.lang.String,java.lang.String,java.lang.String,java.lang.String,java.lang.String,java.lang.String,java.lang.String,java.lang.String,java.lang.String,java.lang.String,java.lang.String,java.lang.String,java.lang.String,java.lang.String,java.lang.String)[pri:0, instance:Test.TC_005_BookHotelTC@732c2a62]" started-at="2025-04-29T21:07:19 IST" name="selectHotelExecution" data-provider="readexceldata" finished-at="2025-04-29T21:07:30 IST" duration-ms="10951" status="PASS">
          <params>
            <param index="0">
              <value>
                <![CDATA[HemavathyAravind]]>
              </value>
            </param>
            <param index="1">
              <value>
                <![CDATA[Test@123]]>
              </value>
            </param>
            <param index="2">
              <value>
                <![CDATA[Sydney]]>
              </value>
            </param>
            <param index="3">
              <value>
                <![CDATA[Hotel Creek]]>
              </value>
            </param>
            <param index="4">
              <value>
                <![CDATA[Standard]]>
              </value>
            </param>
            <param index="5">
              <value>
                <![CDATA[1 - One]]>
              </value>
            </param>
            <param index="6">
              <value>
                <![CDATA[25/04/2025]]>
              </value>
            </param>
            <param index="7">
              <value>
                <![CDATA[26/04/2025]]>
              </value>
            </param>
            <param index="8">
              <value>
                <![CDATA[1 - One]]>
              </value>
            </param>
            <param index="9">
              <value>
                <![CDATA[1 - One]]>
              </value>
            </param>
            <param index="10">
              <value>
                <![CDATA[//input[@id='radiobutton_0']]]>
              </value>
            </param>
            <param index="11">
              <value>
                <![CDATA[]]>
              </value>
            </param>
            <param index="12">
              <value>
                <![CDATA[]]>
              </value>
            </param>
            <param index="13">
              <value>
                <![CDATA[]]>
              </value>
            </param>
            <param index="14">
              <value>
                <![CDATA[]]>
              </value>
            </param>
            <param index="15">
              <value>
                <![CDATA[]]>
              </value>
            </param>
            <param index="16">
              <value>
                <![CDATA[]]>
              </value>
            </param>
            <param index="17">
              <value>
                <![CDATA[]]>
              </value>
            </param>
            <param index="18">
              <value>
                <![CDATA[]]>
              </value>
            </param>
            <param index="19">
              <value>
                <![CDATA[InValid scenario]]>
              </value>
            </param>
            <param index="20">
              <value>
                <![CDATA[Hotelbooked]]>
              </value>
            </param>
          </params>
          <reporter-output>
          </reporter-output>
        </test-method> <!-- selectHotelExecution -->
        <test-method is-config="true" signature="myBrowserClose()[pri:0, instance:Test.TC_005_BookHotelTC@732c2a62]" started-at="2025-04-29T21:07:30 IST" name="myBrowserClose" finished-at="2025-04-29T21:07:31 IST" duration-ms="165" status="PASS">
          <reporter-output>
          </reporter-output>
        </test-method> <!-- myBrowserClose -->
      </class> <!-- Test.TC_005_BookHotelTC -->
    </test> <!-- Test -->
  </suite> <!-- Suite -->
</testng-results>
